<?xml version="1.0" encoding="UTF-8" ?>
<testsuite tests="1" failures="0" name="MovieDAOTest" time="1.339" errors="1" skipped="0">
  <properties>
[...]
</properties>
  <testcase classname="MovieDAOTest" name="findMoviesByYear_test" time="1.339">
    <error message="Transaction aborted" type="javax.ejb.EJBException">javax.ejb.EJBException: Transaction aborted
	at com.sun.ejb.containers.EJBContainerTransactionManager.completeNewTx(EJBContainerTransactionManager.java:727)
	at com.sun.ejb.containers.EJBContainerTransactionManager.postInvokeTx(EJBContainerTransactionManager.java:505)
	at com.sun.ejb.containers.BaseContainer.postInvokeTx(BaseContainer.java:4647)
	at com.sun.ejb.containers.BaseContainer.postInvoke(BaseContainer.java:2123)
	at com.sun.ejb.containers.BaseContainer.postInvoke(BaseContainer.java:2093)
	at com.sun.ejb.containers.EJBLocalObjectInvocationHandler.invoke(EJBLocalObjectInvocationHandler.java:220)
	at com.sun.ejb.containers.EJBLocalObjectInvocationHandlerDelegate.invoke(EJBLocalObjectInvocationHandlerDelegate.java:90)
	at com.sun.proxy.$Proxy213.create(Unknown Source)
	at model.dao.__EJB31_Generated__MovieDAO__Intf____Bean__.create(Unknown Source)
	at MovieDAOTest.init(MovieDAOTest.java:62)
	at sun.reflect.NativeMethodAccessorImpl.invoke0(Native Method)
	at sun.reflect.NativeMethodAccessorImpl.invoke(NativeMethodAccessorImpl.java:62)
	at sun.reflect.DelegatingMethodAccessorImpl.invoke(DelegatingMethodAccessorImpl.java:43)
	at java.lang.reflect.Method.invoke(Method.java:498)
	at org.junit.runners.model.FrameworkMethod$1.runReflectiveCall(FrameworkMethod.java:50)
	at org.junit.internal.runners.model.ReflectiveCallable.run(ReflectiveCallable.java:12)
	at org.junit.runners.model.FrameworkMethod.invokeExplosively(FrameworkMethod.java:47)
	at org.junit.internal.runners.statements.RunBefores.evaluate(RunBefores.java:24)
	at org.jboss.arquillian.junit.Arquillian$StatementLifecycleExecutor.invoke(Arquillian.java:404)
	at org.jboss.arquillian.container.test.impl.execution.BeforeLifecycleEventExecuter.on(BeforeLifecycleEventExecuter.java:34)
	at sun.reflect.NativeMethodAccessorImpl.invoke0(Native Method)
	at sun.reflect.NativeMethodAccessorImpl.invoke(NativeMethodAccessorImpl.java:62)
	at sun.reflect.DelegatingMethodAccessorImpl.invoke(DelegatingMethodAccessorImpl.java:43)
	at java.lang.reflect.Method.invoke(Method.java:498)
	at org.jboss.arquillian.core.impl.ObserverImpl.invoke(ObserverImpl.java:86)
	at org.jboss.arquillian.core.impl.EventContextImpl.invokeObservers(EventContextImpl.java:103)
	at org.jboss.arquillian.core.impl.EventContextImpl.proceed(EventContextImpl.java:90)
	at org.jboss.arquillian.test.impl.TestContextHandler.createTestContext(TestContextHandler.java:116)
	at sun.reflect.NativeMethodAccessorImpl.invoke0(Native Method)
	at sun.reflect.NativeMethodAccessorImpl.invoke(NativeMethodAccessorImpl.java:62)
	at sun.reflect.DelegatingMethodAccessorImpl.invoke(DelegatingMethodAccessorImpl.java:43)
	at java.lang.reflect.Method.invoke(Method.java:498)
	at org.jboss.arquillian.core.impl.ObserverImpl.invoke(ObserverImpl.java:86)
	at org.jboss.arquillian.core.impl.EventContextImpl.proceed(EventContextImpl.java:95)
	at org.jboss.arquillian.test.impl.TestContextHandler.createSuiteContext(TestContextHandler.java:69)
	at sun.reflect.NativeMethodAccessorImpl.invoke0(Native Method)
	at sun.reflect.NativeMethodAccessorImpl.invoke(NativeMethodAccessorImpl.java:62)
	at sun.reflect.DelegatingMethodAccessorImpl.invoke(DelegatingMethodAccessorImpl.java:43)
	at java.lang.reflect.Method.invoke(Method.java:498)
	at org.jboss.arquillian.core.impl.ObserverImpl.invoke(ObserverImpl.java:86)
	at org.jboss.arquillian.core.impl.EventContextImpl.proceed(EventContextImpl.java:95)
	at org.jboss.arquillian.test.impl.TestContextHandler.createClassContext(TestContextHandler.java:83)
	at sun.reflect.NativeMethodAccessorImpl.invoke0(Native Method)
	at sun.reflect.NativeMethodAccessorImpl.invoke(NativeMethodAccessorImpl.java:62)
	at sun.reflect.DelegatingMethodAccessorImpl.invoke(DelegatingMethodAccessorImpl.java:43)
	at java.lang.reflect.Method.invoke(Method.java:498)
	at org.jboss.arquillian.core.impl.ObserverImpl.invoke(ObserverImpl.java:86)
	at org.jboss.arquillian.core.impl.EventContextImpl.proceed(EventContextImpl.java:95)
	at org.jboss.arquillian.core.impl.ManagerImpl.fire(ManagerImpl.java:133)
	at org.jboss.arquillian.core.impl.ManagerImpl.fire(ManagerImpl.java:105)
	at org.jboss.arquillian.test.impl.EventTestRunnerAdaptor.before(EventTestRunnerAdaptor.java:98)
	at org.jboss.arquillian.junit.Arquillian$4.evaluate(Arquillian.java:208)
	at org.jboss.arquillian.junit.Arquillian.multiExecute(Arquillian.java:376)
	at org.jboss.arquillian.junit.Arquillian.access$200(Arquillian.java:54)
	at org.jboss.arquillian.junit.Arquillian$5.evaluate(Arquillian.java:223)
	at org.jboss.arquillian.junit.Arquillian$7$1.invoke(Arquillian.java:287)
	at org.jboss.arquillian.container.test.impl.execution.BeforeLifecycleEventExecuter.on(BeforeLifecycleEventExecuter.java:34)
	at sun.reflect.NativeMethodAccessorImpl.invoke0(Native Method)
	at sun.reflect.NativeMethodAccessorImpl.invoke(NativeMethodAccessorImpl.java:62)
	at sun.reflect.DelegatingMethodAccessorImpl.invoke(DelegatingMethodAccessorImpl.java:43)
	at java.lang.reflect.Method.invoke(Method.java:498)
	at org.jboss.arquillian.core.impl.ObserverImpl.invoke(ObserverImpl.java:86)
	at org.jboss.arquillian.core.impl.EventContextImpl.invokeObservers(EventContextImpl.java:103)
	at org.jboss.arquillian.core.impl.EventContextImpl.proceed(EventContextImpl.java:90)
	at org.jboss.arquillian.test.impl.TestContextHandler.createTestContext(TestContextHandler.java:116)
	at sun.reflect.NativeMethodAccessorImpl.invoke0(Native Method)
	at sun.reflect.NativeMethodAccessorImpl.invoke(NativeMethodAccessorImpl.java:62)
	at sun.reflect.DelegatingMethodAccessorImpl.invoke(DelegatingMethodAccessorImpl.java:43)
	at java.lang.reflect.Method.invoke(Method.java:498)
	at org.jboss.arquillian.core.impl.ObserverImpl.invoke(ObserverImpl.java:86)
	at org.jboss.arquillian.core.impl.EventContextImpl.proceed(EventContextImpl.java:95)
	at org.jboss.arquillian.test.impl.TestContextHandler.createSuiteContext(TestContextHandler.java:69)
	at sun.reflect.NativeMethodAccessorImpl.invoke0(Native Method)
	at sun.reflect.NativeMethodAccessorImpl.invoke(NativeMethodAccessorImpl.java:62)
	at sun.reflect.DelegatingMethodAccessorImpl.invoke(DelegatingMethodAccessorImpl.java:43)
	at java.lang.reflect.Method.invoke(Method.java:498)
	at org.jboss.arquillian.core.impl.ObserverImpl.invoke(ObserverImpl.java:86)
	at org.jboss.arquillian.core.impl.EventContextImpl.proceed(EventContextImpl.java:95)
	at org.jboss.arquillian.test.impl.TestContextHandler.createClassContext(TestContextHandler.java:83)
	at sun.reflect.NativeMethodAccessorImpl.invoke0(Native Method)
	at sun.reflect.NativeMethodAccessorImpl.invoke(NativeMethodAccessorImpl.java:62)
	at sun.reflect.DelegatingMethodAccessorImpl.invoke(DelegatingMethodAccessorImpl.java:43)
	at java.lang.reflect.Method.invoke(Method.java:498)
	at org.jboss.arquillian.core.impl.ObserverImpl.invoke(ObserverImpl.java:86)
	at org.jboss.arquillian.core.impl.EventContextImpl.proceed(EventContextImpl.java:95)
	at org.jboss.arquillian.core.impl.ManagerImpl.fire(ManagerImpl.java:133)
	at org.jboss.arquillian.core.impl.ManagerImpl.fire(ManagerImpl.java:105)
	at org.jboss.arquillian.test.impl.EventTestRunnerAdaptor.fireCustomLifecycle(EventTestRunnerAdaptor.java:142)
	at org.jboss.arquillian.junit.Arquillian$7.evaluate(Arquillian.java:281)
	at org.junit.runners.ParentRunner.runLeaf(ParentRunner.java:325)
	at org.junit.runners.BlockJUnit4ClassRunner.runChild(BlockJUnit4ClassRunner.java:78)
	at org.junit.runners.BlockJUnit4ClassRunner.runChild(BlockJUnit4ClassRunner.java:57)
	at org.junit.runners.ParentRunner$3.run(ParentRunner.java:290)
	at org.junit.runners.ParentRunner$1.schedule(ParentRunner.java:71)
	at org.junit.runners.ParentRunner.runChildren(ParentRunner.java:288)
	at org.junit.runners.ParentRunner.access$000(ParentRunner.java:58)
	at org.junit.runners.ParentRunner$2.evaluate(ParentRunner.java:268)
	at org.jboss.arquillian.junit.Arquillian$2.evaluate(Arquillian.java:174)
	at org.jboss.arquillian.junit.Arquillian.multiExecute(Arquillian.java:376)
	at org.jboss.arquillian.junit.Arquillian.access$200(Arquillian.java:54)
	at org.jboss.arquillian.junit.Arquillian$3.evaluate(Arquillian.java:185)
	at org.junit.runners.ParentRunner.run(ParentRunner.java:363)
	at org.jboss.arquillian.junit.Arquillian.run(Arquillian.java:140)
	at org.junit.runner.JUnitCore.run(JUnitCore.java:137)
	at org.junit.runner.JUnitCore.run(JUnitCore.java:115)
	at org.jboss.arquillian.junit.container.JUnitTestRunner.execute(JUnitTestRunner.java:61)
	at org.jboss.arquillian.protocol.servlet.runner.ServletTestRunner.executeTest(ServletTestRunner.java:139)
	at org.jboss.arquillian.protocol.servlet.runner.ServletTestRunner.execute(ServletTestRunner.java:117)
	at org.jboss.arquillian.protocol.servlet.runner.ServletTestRunner.doGet(ServletTestRunner.java:86)
	at javax.servlet.http.HttpServlet.service(HttpServlet.java:686)
	at javax.servlet.http.HttpServlet.service(HttpServlet.java:791)
	at org.apache.catalina.core.StandardWrapper.service(StandardWrapper.java:1622)
	at org.apache.catalina.core.StandardWrapperValve.invoke(StandardWrapperValve.java:258)
	at org.apache.catalina.core.StandardContextValve.invoke(StandardContextValve.java:160)
	at org.apache.catalina.core.StandardPipeline.doInvoke(StandardPipeline.java:654)
	at org.apache.catalina.core.StandardPipeline.invoke(StandardPipeline.java:593)
	at com.sun.enterprise.web.WebPipeline.invoke(WebPipeline.java:99)
	at org.apache.catalina.core.StandardHostValve.invoke(StandardHostValve.java:159)
	at org.apache.catalina.connector.CoyoteAdapter.doService(CoyoteAdapter.java:371)
	at org.apache.catalina.connector.CoyoteAdapter.service(CoyoteAdapter.java:238)
	at com.sun.enterprise.v3.services.impl.ContainerMapper$HttpHandlerCallable.call(ContainerMapper.java:516)
	at com.sun.enterprise.v3.services.impl.ContainerMapper.service(ContainerMapper.java:213)
	at org.glassfish.grizzly.http.server.HttpHandler.runService(HttpHandler.java:206)
	at org.glassfish.grizzly.http.server.HttpHandler.doHandle(HttpHandler.java:180)
	at org.glassfish.grizzly.http.server.HttpServerFilter.handleRead(HttpServerFilter.java:242)
	at org.glassfish.grizzly.filterchain.ExecutorResolver$9.execute(ExecutorResolver.java:119)
	at org.glassfish.grizzly.filterchain.DefaultFilterChain.executeFilter(DefaultFilterChain.java:284)
	at org.glassfish.grizzly.filterchain.DefaultFilterChain.executeChainPart(DefaultFilterChain.java:201)
	at org.glassfish.grizzly.filterchain.DefaultFilterChain.execute(DefaultFilterChain.java:133)
	at org.glassfish.grizzly.filterchain.DefaultFilterChain.process(DefaultFilterChain.java:112)
	at org.glassfish.grizzly.ProcessorExecutor.execute(ProcessorExecutor.java:77)
	at org.glassfish.grizzly.nio.transport.TCPNIOTransport.fireIOEvent(TCPNIOTransport.java:539)
	at org.glassfish.grizzly.strategies.AbstractIOStrategy.fireIOEvent(AbstractIOStrategy.java:112)
	at org.glassfish.grizzly.strategies.WorkerThreadIOStrategy.run0(WorkerThreadIOStrategy.java:117)
	at org.glassfish.grizzly.strategies.WorkerThreadIOStrategy.access$100(WorkerThreadIOStrategy.java:56)
	at org.glassfish.grizzly.strategies.WorkerThreadIOStrategy$WorkerThreadRunnable.run(WorkerThreadIOStrategy.java:137)
	at org.glassfish.grizzly.threadpool.AbstractThreadPool$Worker.doWork(AbstractThreadPool.java:593)
	at org.glassfish.grizzly.threadpool.AbstractThreadPool$Worker.run(AbstractThreadPool.java:573)
	at java.lang.Thread.run(Thread.java:748)
Caused by: javax.transaction.RollbackException: Transaction marked for rollback.
	at com.sun.enterprise.transaction.JavaEETransactionImpl.commit(JavaEETransactionImpl.java:490)
	at com.sun.enterprise.transaction.JavaEETransactionManagerSimplified.commit(JavaEETransactionManagerSimplified.java:878)
	at com.sun.ejb.containers.EJBContainerTransactionManager.completeNewTx(EJBContainerTransactionManager.java:721)
	... 138 more
Caused by: javax.persistence.PersistenceException: Exception [EclipseLink-4002] (Eclipse Persistence Services - 2.7.0.v20170811-d680af5): org.eclipse.persistence.exceptions.DatabaseException
Internal Exception: org.apache.derby.shared.common.error.DerbySQLIntegrityConstraintViolationException: The statement was aborted because it would have caused a duplicate key value in a unique or primary key constraint or unique index identified by &apos;SQL200305142732780&apos; defined on &apos;MOVIE&apos;.
Error Code: 20000
Call: INSERT INTO MOVIE (NAME, DESCRIPTION, RATING, RELEASEYEAR) VALUES (?, ?, ?, ?)
	bind =&gt; [4 parameters bound]
Query: InsertObjectQuery(Movie(name=A Handful of Dust, releaseYear=1983, rating=10, description=When the snows fall and the white winds blow, the lone wolf dies but the pack survives., actors={[]}))
	at org.eclipse.persistence.internal.jpa.EntityManagerSetupImpl$1.handleException(EntityManagerSetupImpl.java:772)
	at org.eclipse.persistence.transaction.AbstractSynchronizationListener.handleException(AbstractSynchronizationListener.java:275)
	at org.eclipse.persistence.transaction.AbstractSynchronizationListener.beforeCompletion(AbstractSynchronizationListener.java:170)
	at org.eclipse.persistence.transaction.JTASynchronizationListener.beforeCompletion(JTASynchronizationListener.java:68)
	at com.sun.enterprise.transaction.JavaEETransactionImpl.commit(JavaEETransactionImpl.java:452)
	... 140 more
Caused by: Exception [EclipseLink-4002] (Eclipse Persistence Services - 2.7.0.v20170811-d680af5): org.eclipse.persistence.exceptions.DatabaseException
Internal Exception: org.apache.derby.shared.common.error.DerbySQLIntegrityConstraintViolationException: The statement was aborted because it would have caused a duplicate key value in a unique or primary key constraint or unique index identified by &apos;SQL200305142732780&apos; defined on &apos;MOVIE&apos;.
Error Code: 20000
	at org.eclipse.persistence.exceptions.DatabaseException.sqlException(DatabaseException.java:331)
	at org.eclipse.persistence.internal.databaseaccess.DatabaseAccessor.executeDirectNoSelect(DatabaseAccessor.java:905)
	at org.eclipse.persistence.internal.databaseaccess.DatabaseAccessor.executeNoSelect(DatabaseAccessor.java:967)
	at org.eclipse.persistence.internal.databaseaccess.DatabaseAccessor.basicExecuteCall(DatabaseAccessor.java:637)
	at org.eclipse.persistence.internal.databaseaccess.DatabaseAccessor.executeCall(DatabaseAccessor.java:564)
	at org.eclipse.persistence.internal.sessions.AbstractSession.basicExecuteCall(AbstractSession.java:2093)
	at org.eclipse.persistence.sessions.server.ClientSession.executeCall(ClientSession.java:309)
	at org.eclipse.persistence.internal.queries.DatasourceCallQueryMechanism.executeCall(DatasourceCallQueryMechanism.java:270)
	at org.eclipse.persistence.internal.queries.DatasourceCallQueryMechanism.executeCall(DatasourceCallQueryMechanism.java:256)
	at org.eclipse.persistence.internal.queries.DatasourceCallQueryMechanism.insertObject(DatasourceCallQueryMechanism.java:405)
	at org.eclipse.persistence.internal.queries.StatementQueryMechanism.insertObject(StatementQueryMechanism.java:165)
	at org.eclipse.persistence.internal.queries.StatementQueryMechanism.insertObject(StatementQueryMechanism.java:180)
	at org.eclipse.persistence.internal.queries.DatabaseQueryMechanism.insertObjectForWrite(DatabaseQueryMechanism.java:502)
	at org.eclipse.persistence.queries.InsertObjectQuery.executeCommit(InsertObjectQuery.java:80)
	at org.eclipse.persistence.queries.InsertObjectQuery.executeCommitWithChangeSet(InsertObjectQuery.java:90)
	at org.eclipse.persistence.internal.queries.DatabaseQueryMechanism.executeWriteWithChangeSet(DatabaseQueryMechanism.java:314)
	at org.eclipse.persistence.queries.WriteObjectQuery.executeDatabaseQuery(WriteObjectQuery.java:58)
	at org.eclipse.persistence.queries.DatabaseQuery.execute(DatabaseQuery.java:911)
	at org.eclipse.persistence.queries.DatabaseQuery.executeInUnitOfWork(DatabaseQuery.java:810)
	at org.eclipse.persistence.queries.ObjectLevelModifyQuery.executeInUnitOfWorkObjectLevelModifyQuery(ObjectLevelModifyQuery.java:108)
	at org.eclipse.persistence.queries.ObjectLevelModifyQuery.executeInUnitOfWork(ObjectLevelModifyQuery.java:85)
	at org.eclipse.persistence.internal.sessions.UnitOfWorkImpl.internalExecuteQuery(UnitOfWorkImpl.java:2979)
	at org.eclipse.persistence.internal.sessions.AbstractSession.executeQuery(AbstractSession.java:1892)
	at org.eclipse.persistence.internal.sessions.AbstractSession.executeQuery(AbstractSession.java:1874)
	at org.eclipse.persistence.internal.sessions.AbstractSession.executeQuery(AbstractSession.java:1824)
	at org.eclipse.persistence.internal.sessions.CommitManager.commitNewObjectsForClassWithChangeSet(CommitManager.java:227)
	at org.eclipse.persistence.internal.sessions.CommitManager.commitAllObjectsWithChangeSet(CommitManager.java:126)
	at org.eclipse.persistence.internal.sessions.AbstractSession.writeAllObjectsWithChangeSet(AbstractSession.java:4384)
	at org.eclipse.persistence.internal.sessions.UnitOfWorkImpl.commitToDatabase(UnitOfWorkImpl.java:1491)
	at org.eclipse.persistence.internal.sessions.UnitOfWorkImpl.commitToDatabaseWithChangeSet(UnitOfWorkImpl.java:1581)
	at org.eclipse.persistence.internal.sessions.UnitOfWorkImpl.issueSQLbeforeCompletion(UnitOfWorkImpl.java:3256)
	at org.eclipse.persistence.internal.sessions.RepeatableWriteUnitOfWork.issueSQLbeforeCompletion(RepeatableWriteUnitOfWork.java:355)
	at org.eclipse.persistence.transaction.AbstractSynchronizationListener.beforeCompletion(AbstractSynchronizationListener.java:158)
	... 142 more
Caused by: org.apache.derby.shared.common.error.DerbySQLIntegrityConstraintViolationException: The statement was aborted because it would have caused a duplicate key value in a unique or primary key constraint or unique index identified by &apos;SQL200305142732780&apos; defined on &apos;MOVIE&apos;.
	at org.apache.derby.client.am.SQLExceptionFactory.getSQLException(Unknown Source)
	at org.apache.derby.client.am.SqlException.getSQLException(Unknown Source)
	at org.apache.derby.client.am.ClientPreparedStatement.executeUpdate(Unknown Source)
	at com.sun.gjc.spi.base.PreparedStatementWrapper.executeUpdate(PreparedStatementWrapper.java:125)
	at org.eclipse.persistence.internal.databaseaccess.DatabaseAccessor.executeDirectNoSelect(DatabaseAccessor.java:895)
	... 173 more
Caused by: ERROR 23505: The statement was aborted because it would have caused a duplicate key value in a unique or primary key constraint or unique index identified by &apos;SQL200305142732780&apos; defined on &apos;MOVIE&apos;.
	at org.apache.derby.client.am.ClientStatement.completeExecute(Unknown Source)
	at org.apache.derby.client.net.NetStatementReply.parseEXCSQLSTTreply(Unknown Source)
	at org.apache.derby.client.net.NetStatementReply.readExecute(Unknown Source)
	at org.apache.derby.client.net.StatementReply.readExecute(Unknown Source)
	at org.apache.derby.client.net.NetPreparedStatement.readExecute_(Unknown Source)
	at org.apache.derby.client.am.ClientPreparedStatement.readExecute(Unknown Source)
	at org.apache.derby.client.am.ClientPreparedStatement.flowExecute(Unknown Source)
	at org.apache.derby.client.am.ClientPreparedStatement.executeUpdateX(Unknown Source)
	... 176 more
</error>
    <system-err>Mar 10, 2020 2:41:20 PM com.sun.enterprise.v3.server.CommonClassLoaderServiceImpl findH2Client
INFO: Cannot find h2db client jar file, h2 jdbc driver will not be available by default.
Mar 10, 2020 2:41:20 PM org.hibernate.validator.internal.util.Version &lt;clinit&gt;
INFO: HV000001: Hibernate Validator null
Mar 10, 2020 2:41:22 PM com.sun.enterprise.v3.services.impl.GrizzlyProxy start0
INFO: Network Listener http-listener started in: 58ms - bound to [/0.0.0.0:7070]
Mar 10, 2020 2:41:22 PM com.sun.enterprise.v3.services.impl.GrizzlyProxy start0
INFO: Network Listener https-listener started in: 4ms - bound to [/0.0.0.0:8182]
Mar 10, 2020 2:41:22 PM com.sun.enterprise.v3.services.impl.GrizzlyService postConstruct
INFO: Grizzly 2.4.3 started in: 935ms - bound to [0.0.0.0:7070, 0.0.0.0:8182]
Mar 10, 2020 2:41:22 PM com.sun.enterprise.v3.admin.adapter.AdminEndpointDecider setGuiContextRoot
INFO: Admin Console Adapter: context root: /admin
Mar 10, 2020 2:41:22 PM com.sun.enterprise.v3.admin.adapter.AdminEndpointDecider setGuiContextRoot
INFO: Admin Console Adapter: context root: /admin
Mar 10, 2020 2:41:22 PM com.sun.enterprise.v3.admin.adapter.AdminEndpointDecider setGuiContextRoot
INFO: Admin Console Adapter: context root: /admin
Mar 10, 2020 2:41:23 PM com.hazelcast.instance.AddressPicker
INFO: [LOCAL] [development] [3.9.3] Using bind address: /10.0.30.73:4900
Mar 10, 2020 2:41:23 PM com.hazelcast.instance.AddressPicker
INFO: [LOCAL] [development] [3.9.3] Using public address: /10.0.30.73:4900
Mar 10, 2020 2:41:23 PM com.hazelcast.system
INFO: [10.0.30.73]:4900 [development] [3.9.3] Hazelcast 3.9.3 (20180216 - 539b124) starting at [10.0.30.73]:4900
Mar 10, 2020 2:41:23 PM com.hazelcast.system
INFO: [10.0.30.73]:4900 [development] [3.9.3] Copyright (c) 2008-2018, Hazelcast, Inc. All Rights Reserved.
Mar 10, 2020 2:41:23 PM com.hazelcast.system
INFO: [10.0.30.73]:4900 [development] [3.9.3] Configured Hazelcast Serialization version: 1
Mar 10, 2020 2:41:23 PM com.hazelcast.spi.impl.operationservice.impl.BackpressureRegulator
INFO: [10.0.30.73]:4900 [development] [3.9.3] Backpressure is disabled
Mar 10, 2020 2:41:24 PM com.hazelcast.instance.Node
INFO: [10.0.30.73]:4900 [development] [3.9.3] Activating Discovery SPI Joiner
Mar 10, 2020 2:41:25 PM com.hazelcast.spi.impl.operationexecutor.impl.OperationExecutorImpl
INFO: [10.0.30.73]:4900 [development] [3.9.3] Starting 4 partition threads and 3 generic threads (1 dedicated for priority tasks)
Mar 10, 2020 2:41:25 PM com.hazelcast.internal.diagnostics.Diagnostics
INFO: [10.0.30.73]:4900 [development] [3.9.3] Diagnostics disabled. To enable add -Dhazelcast.diagnostics.enabled=true to the JVM arguments.
Mar 10, 2020 2:41:25 PM com.hazelcast.core.LifecycleService
INFO: [10.0.30.73]:4900 [development] [3.9.3] [10.0.30.73]:4900 is STARTING
Mar 10, 2020 2:41:25 PM com.hazelcast.nio.tcp.TcpIpConnector
INFO: [10.0.30.73]:4900 [development] [3.9.3] Connecting to /10.0.30.73:5900, timeout: 0, bind-any: true
Mar 10, 2020 2:41:27 PM com.hazelcast.nio.tcp.TcpIpConnector
INFO: [10.0.30.73]:4900 [development] [3.9.3] Could not connect to: /10.0.30.73:5900. Reason: SocketException[Connection refused: connect to address /10.0.30.73:5900]
Mar 10, 2020 2:41:27 PM com.hazelcast.internal.cluster.impl.DiscoveryJoiner
INFO: [10.0.30.73]:4900 [development] [3.9.3] [10.0.30.73]:5900 is added to the blacklist.
Mar 10, 2020 2:41:28 PM com.hazelcast.system
INFO: [10.0.30.73]:4900 [development] [3.9.3] Cluster version set to 3.9
Mar 10, 2020 2:41:28 PM com.hazelcast.internal.cluster.ClusterService
INFO: [10.0.30.73]:4900 [development] [3.9.3] 

Members {size:1, ver:1} [
	Member [10.0.30.73]:4900 - 2e37acb1-f162-42b8-9536-483ec20a117d this
]

Mar 10, 2020 2:41:28 PM com.hazelcast.internal.jmx.ManagementService
INFO: [10.0.30.73]:4900 [development] [3.9.3] Hazelcast JMX agent enabled.
Mar 10, 2020 2:41:28 PM com.hazelcast.core.LifecycleService
INFO: [10.0.30.73]:4900 [development] [3.9.3] [10.0.30.73]:4900 is STARTED
Mar 10, 2020 2:41:28 PM fish.payara.nucleus.hazelcast.HazelcastCore bindToJNDI
INFO: Hazelcast Instance Bound to JNDI at payara/Hazelcast
Mar 10, 2020 2:41:28 PM fish.payara.nucleus.hazelcast.HazelcastCore bindToJNDI
INFO: JSR107 Caching Provider Bound to JNDI at payara/CachingProvider
Mar 10, 2020 2:41:28 PM fish.payara.nucleus.hazelcast.HazelcastCore bindToJNDI
INFO: JSR107 Default Cache Manager Bound to JNDI at payara/CacheManager
Mar 10, 2020 2:41:29 PM com.sun.enterprise.v3.server.AppServerStartup postStartupJob
INFO: Undefined Product Name - define product and version info in config/branding  0.0.0  (0) startup time : Embedded (2,217ms), startup services(8,212ms), total(10,429ms)
Mar 10, 2020 2:41:29 PM fish.payara.nucleus.cluster.PayaraCluster logClusterStatus
INFO: Data Grid Status 
Payara Data Grid State: DG Version: 35 DG Size: 1
Instances: {
Address: /10.0.30.73:4900 UUID: 2e37acb1-f162-42b8-9536-483ec20a117d Lite: false This: true Name: server Group: server-config
}
Mar 10, 2020 2:41:29 PM org.glassfish.admin.mbeanserver.JMXStartupService$JMXConnectorsStarterThread run
INFO: JMXStartupService has disabled JMXConnector system
Mar 10, 2020 2:41:29 PM com.hazelcast.internal.diagnostics.HealthMonitor
INFO: [10.0.30.73]:4900 [development] [3.9.3] processors=4, physical.memory.total=7.8G, physical.memory.free=529.3M, swap.space.total=15.6G, swap.space.free=4.9G, heap.memory.used=111.0M, heap.memory.free=91.0M, heap.memory.total=202.0M, heap.memory.max=1.7G, heap.memory.used/total=54.94%, heap.memory.used/max=6.21%, minor.gc.count=9, minor.gc.time=77ms, major.gc.count=2, major.gc.time=138ms, load.process=61.44%, load.system=100.00%, load.systemAverage=n/a thread.count=79, thread.peakCount=80, cluster.timeDiff=0, event.q.size=0, executor.q.async.size=0, executor.q.client.size=0, executor.q.query.size=0, executor.q.scheduled.size=0, executor.q.io.size=0, executor.q.system.size=0, executor.q.operations.size=0, executor.q.priorityOperation.size=0, operations.completed.count=3, executor.q.mapLoad.size=0, executor.q.mapLoadAllKeys.size=0, executor.q.cluster.size=0, executor.q.response.size=0, operations.running.count=0, operations.pending.invocations.percentage=0.00%, operations.pending.invocations.count=0, proxy.count=0, clientEndpoint.count=0, connection.active.count=0, client.connection.count=0, connection.count=0
Mar 10, 2020 2:41:29 PM com.sun.enterprise.connectors.jms.util.JmsRaUtil getInstalledMqVersion
WARNING: Check for a new version of MQ installation failed : C:\Users\User\AppData\Local\Temp\gfembed1806539900285104835tmp\lib\install\applications\jmsra\..\imqjmsra.rar (The system cannot find the file specified):C:\Users\User\AppData\Local\Temp\gfembed1806539900285104835tmp\lib\install\applications\jmsra\imqjmsra.rar
Mar 10, 2020 2:41:31 PM fish.payara.arquillian.container.payara.embedded.PayaraContainer executeCommand
INFO: command add-resources parameters[Ljava.lang.String;@4449b273 result: PlainTextActionReporterSUCCESSDescription: add-resources AdminCommandnull
    JDBC connection pool derby_net_academy_appPool created successfully.
    JDBC resource jdbc/academy created successfully.

Mar 10, 2020 2:41:34 PM org.glassfish.enterprise.iiop.api.GlassFishORBHelper postConstruct
INFO: GlassFishORBFactory service initialized.
Mar 10, 2020 2:41:35 PM com.sun.enterprise.security.ssl.impl.SecuritySupportImpl checkCertificateDates
SEVERE: The SSL certificate has expired: [
[
  Version: V3
  Subject: CN=localhost, OU=GlassFish, O=Sun Microsystems, L=Santa Clara, ST=California, C=US
  Signature Algorithm: SHA1withRSA, OID = 1.2.840.113549.1.1.5

  Key:  Sun RSA public key, 1024 bits
  modulus: 145607243452859689580129548866124791697266876389020072346169573106005067922351621693980274409566977123703120560397141987498630922827852965950283535196583826176478163336993643826795231487853960699742178569310586812871660687609669142799497192378661602695305819033929044820179434366507221428988785371476479913059
  public exponent: 65537
  Validity: [From: Tue Jul 07 10:27:35 CEST 2009,
               To: Fri Jul 05 10:27:35 CEST 2019]
  Issuer: CN=localhost, OU=GlassFish, O=Sun Microsystems, L=Santa Clara, ST=California, C=US
  SerialNumber: [    4a5306f7]

Certificate Extensions: 1
[1]: ObjectId: 2.5.29.14 Criticality=false
SubjectKeyIdentifier [
KeyIdentifier [
0000: 8F FB 7A 0A BF 38 54 A6   0D 9D CC 28 F8 7A B2 25  ..z..8T....(.z.%
0010: F2 F8 A1 99                                        ....
]
]

]
  Algorithm: [SHA1withRSA]
  Signature:
0000: 7A 53 96 EE 26 C0 6C 06   A5 68 45 43 49 A8 21 B7  zS..&amp;.l..hECI.!.
0010: 03 E3 3C 22 97 76 B0 EC   0C F1 11 C9 D7 67 20 CA  ..&lt;&quot;.v.......g .
0020: E5 0E 29 F8 64 FA C5 5A   FA D9 34 76 39 61 C4 21  ..).d..Z..4v9a.!
0030: 82 A1 C5 27 D8 B7 B3 1B   6C 95 3B 01 6C C3 15 0F  ...&apos;....l.;.l...
0040: B4 4D 50 E3 8F E9 CC 96   CC FF 95 2B 61 7C 30 D4  .MP........+a.0.
0050: B1 00 0F 9E 4C 1B F8 08   DC 4C 30 CC 0E CB FC 92  ....L....L0.....
0060: B3 C5 D5 F5 01 84 33 40   CA 42 B1 A3 2C 88 89 B9  ......3@.B..,...
0070: 04 90 F3 2C C5 FA E4 A2   DC 16 17 4A 02 A7 ED 94  ...,.......J....

]
Mar 10, 2020 2:41:35 PM com.sun.enterprise.security.ssl.impl.SecuritySupportImpl checkCertificateDates
SEVERE: The SSL certificate has expired: [
[
  Version: V3
  Subject: CN=UTN-USERFirst-Client Authentication and Email, OU=http://www.usertrust.com, O=The USERTRUST Network, L=Salt Lake City, ST=UT, C=US
  Signature Algorithm: SHA1withRSA, OID = 1.2.840.113549.1.1.5

  Key:  Sun RSA public key, 2048 bits
  modulus: 22498783463083432959284168386409369291955038543860490014652552599946227610701597170140025777460440051576940055114151688564424450502962692946914121648464149848971060576483061771422853543951215013563325278089962342124385107871785292348304269132449951488798696535892014442011779480523971888046182115783313222830528011595242687378120162559160959607028365210240184157701430166819711652309059420982812476846459005227651384919840114419411479826761790470294309563612921306187982315796035562139890571490770636907160827366435324974533991196628542326996888957757240366713401462322756766583136758771465334269521766556285170101483
  public exponent: 65537
  Validity: [From: Fri Jul 09 19:28:50 CEST 1999,
               To: Tue Jul 09 19:36:58 CEST 2019]
  Issuer: CN=UTN-USERFirst-Client Authentication and Email, OU=http://www.usertrust.com, O=The USERTRUST Network, L=Salt Lake City, ST=UT, C=US
  SerialNumber: [    44be0c8b 500024b4 11d33625 2567c989]

Certificate Extensions: 5
[1]: ObjectId: 2.5.29.19 Criticality=true
BasicConstraints:[
  CA:true
  PathLen:2147483647
]

[2]: ObjectId: 2.5.29.31 Criticality=false
CRLDistributionPoints [
  [DistributionPoint:
     [URIName: http://crl.usertrust.com/UTN-USERFirst-ClientAuthenticationandEmail.crl]
]]

[3]: ObjectId: 2.5.29.37 Criticality=false
ExtendedKeyUsages [
  clientAuth
  emailProtection
]

[4]: ObjectId: 2.5.29.15 Criticality=false
KeyUsage [
  DigitalSignature
  Non_repudiation
  Key_CertSign
  Crl_Sign
]

[5]: ObjectId: 2.5.29.14 Criticality=false
SubjectKeyIdentifier [
KeyIdentifier [
0000: 89 82 67 7D C4 9D 26 70   00 4B B4 50 48 7C DE 3D  ..g...&amp;p.K.PH..=
0010: AE 04 6E 7D                                        ..n.
]
]

]
  Algorithm: [SHA1withRSA]
  Signature:
0000: B1 6D 61 5D A6 1A 7F 7C   AB 4A E4 30 FC 53 6F 25  .ma].....J.0.So%
0010: 24 C6 CA ED E2 31 5C 2B   0E EE EE 61 55 6F 04 3E  $....1\+...aUo.&gt;
0020: CF 39 DE C5 1B 49 94 E4   EB 20 4C B4 E6 9E 50 2E  .9...I... L...P.
0030: 72 D9 8D F5 AA A3 B3 4A   DA 56 1C 60 97 80 DC 82  r......J.V.`....
0040: A2 AD 4A BD 8A 2B FF 0B   09 B4 C6 D7 20 04 45 E4  ..J..+...... .E.
0050: CD 80 01 BA BA 2B 6E CE   AA D7 92 FE E4 AF EB F4  .....+n.........
0060: 26 1D 16 2A 7F 6C 30 95   37 2F 33 12 AC 7F DD C7  &amp;..*.l0.7/3.....
0070: D1 11 8C 51 98 B2 D0 A3   91 D0 AD F6 9F 9E 83 93  ...Q............
0080: 1E 1D 42 B8 46 AF 6B 66   F0 9B 7F EA E3 03 02 E5  ..B.F.kf........
0090: 02 51 C1 AA D5 35 9D 72   40 03 89 BA 31 1D C5 10  .Q...5.r@...1...
00A0: 68 52 9E DF A2 85 C5 5C   08 A6 78 E6 53 4F B1 E8  hR.....\..x.SO..
00B0: B7 D3 14 9E 93 A6 C3 64   E3 AC 7E 71 CD BC 9F E9  .......d...q....
00C0: 03 1B CC FB E9 AC 31 C1   AF 7C 15 74 02 99 C3 B2  ......1....t....
00D0: 47 A6 C2 32 61 D7 C7 6F   48 24 51 27 A1 D5 87 55  G..2a..oH$Q&apos;...U
00E0: F2 7B 8F 98 3D 16 9E EE   75 B6 F8 D0 8E F2 F3 C6  ....=...u.......
00F0: AE 28 5B A7 F0 F3 36 17   FC C3 05 D3 CA 03 4A 54  .([...6.......JT

]
Mar 10, 2020 2:41:35 PM com.sun.enterprise.security.ssl.impl.SecuritySupportImpl checkCertificateDates
SEVERE: The SSL certificate has expired: [
[
  Version: V3
  Subject: CN=UTN-USERFirst-Hardware, OU=http://www.usertrust.com, O=The USERTRUST Network, L=Salt Lake City, ST=UT, C=US
  Signature Algorithm: SHA1withRSA, OID = 1.2.840.113549.1.1.5

  Key:  Sun RSA public key, 2048 bits
  modulus: 22466356259302802551717801644710772426961610033346260086354613187874976948992939408231525706696424082312691074750378419215078131159281795954920144654718605935197679906085556797948624422433414069415152222961018799445311109402660050773855398735048210134662368151842249721090482023018794719228445589971761770739049283041997902724693769461451095561511601571549326415867445439758570552405170386650731235758337556959840061657652816464180356596151013381613262234005502993382979277514089478656187207322715958205361312797892656063517010992364715520448836463615280405565385053582107461430088577320911814185438558395911112837211
  public exponent: 65537
  Validity: [From: Fri Jul 09 20:10:42 CEST 1999,
               To: Tue Jul 09 20:19:22 CEST 2019]
  Issuer: CN=UTN-USERFirst-Hardware, OU=http://www.usertrust.com, O=The USERTRUST Network, L=Salt Lake City, ST=UT, C=US
  SerialNumber: [    44be0c8b 500024b4 11d3362a fe650afd]

Certificate Extensions: 5
[1]: ObjectId: 2.5.29.19 Criticality=true
BasicConstraints:[
  CA:true
  PathLen:2147483647
]

[2]: ObjectId: 2.5.29.31 Criticality=false
CRLDistributionPoints [
  [DistributionPoint:
     [URIName: http://crl.usertrust.com/UTN-USERFirst-Hardware.crl]
]]

[3]: ObjectId: 2.5.29.37 Criticality=false
ExtendedKeyUsages [
  serverAuth
  ipsecEndSystem
  ipsecTunnel
  ipsecUser
]

[4]: ObjectId: 2.5.29.15 Criticality=false
KeyUsage [
  DigitalSignature
  Non_repudiation
  Key_CertSign
  Crl_Sign
]

[5]: ObjectId: 2.5.29.14 Criticality=false
SubjectKeyIdentifier [
KeyIdentifier [
0000: A1 72 5F 26 1B 28 98 43   95 5D 07 37 D5 85 96 9D  .r_&amp;.(.C.].7....
0010: 4B D2 C3 45                                        K..E
]
]

]
  Algorithm: [SHA1withRSA]
  Signature:
0000: 47 19 0F DE 74 C6 99 97   AF FC AD 28 5E 75 8E EB  G...t......(^u..
0010: 2D 67 EE 4E 7B 2B D7 0C   FF F6 DE CB 55 A2 0A E1  -g.N.+......U...
0020: 4C 54 65 93 60 6B 9F 12   9C AD 5E 83 2C EB 5A AE  LTe.`k....^.,.Z.
0030: C0 E4 2D F4 00 63 1D B8   C0 6C F2 CF 49 BB 4D 93  ..-..c...l..I.M.
0040: 6F 06 A6 0A 22 B2 49 62   08 4E FF C8 C8 14 B2 88  o...&quot;.Ib.N......
0050: 16 5D E7 01 E4 12 95 E5   45 34 B3 8B 69 BD CF B4  .]......E4..i...
0060: 85 8F 75 51 9E 7D 3A 38   3A 14 48 12 C6 FB A7 3B  ..uQ..:8:.H....;
0070: 1A 8D 0D 82 40 07 E8 04   08 90 A1 89 CB 19 50 DF  ....@.........P.
0080: CA 1C 01 BC 1D 04 19 7B   10 76 97 3B EE 90 90 CA  .........v.;....
0090: C4 0E 1F 16 6E 75 EF 33   F8 D3 6F 5B 1E 96 E3 E0  ....nu.3..o[....
00A0: 74 77 74 7B 8A A2 6E 2D   DD 76 D6 39 30 82 F0 AB  twt...n-.v.90...
00B0: 9C 52 F2 2A C7 AF 49 5E   7E C7 68 E5 82 81 C8 6A  .R.*..I^..h....j
00C0: 27 F9 27 88 2A D5 58 50   95 1F F0 3B 1C 57 BB 7D  &apos;.&apos;.*.XP...;.W..
00D0: 14 39 62 2B 9A C9 94 92   2A A3 22 0C FF 89 26 7D  .9b+....*.&quot;...&amp;.
00E0: 5F 23 2B 47 D7 15 1D A9   6A 9E 51 0D 2A 51 9E 81  _#+G....j.Q.*Q..
00F0: F9 D4 3B 5E 70 12 7F 10   32 9C 1E BB 9D F8 66 A8  ..;^p...2.....f.

]
Mar 10, 2020 2:41:35 PM com.sun.enterprise.security.ssl.impl.SecuritySupportImpl checkCertificateDates
SEVERE: The SSL certificate has expired: [
[
  Version: V3
  Subject: OU=Equifax Secure Certificate Authority, O=Equifax, C=US
  Signature Algorithm: SHA1withRSA, OID = 1.2.840.113549.1.1.5

  Key:  Sun RSA public key, 1024 bits
  modulus: 135786214035069526348186531221551781468391756233528066061569654028671100866720352830303278016129003918213826297308054231261658522889438712013757624116391437358730449661353175673177742307421061340003741057138887918110217006515773038453829253517076741780039735595086881329494037450587568122088113584549069375417
  public exponent: 65537
  Validity: [From: Sat Aug 22 18:41:51 CEST 1998,
               To: Wed Aug 22 18:41:51 CEST 2018]
  Issuer: OU=Equifax Secure Certificate Authority, O=Equifax, C=US
  SerialNumber: [    35def4cf]

Certificate Extensions: 7
[1]: ObjectId: 1.2.840.113533.7.65.0 Criticality=false
Extension unknown: DER encoded OCTET string =
0000: 04 0D 30 0B 1B 05 56 33   2E 30 63 03 02 06 C0     ..0...V3.0c....


[2]: ObjectId: 2.5.29.35 Criticality=false
AuthorityKeyIdentifier [
KeyIdentifier [
0000: 48 E6 68 F9 2B D2 B2 95   D7 47 D8 23 20 10 4F 33  H.h.+....G.# .O3
0010: 98 90 9F D4                                        ....
]
]

[3]: ObjectId: 2.5.29.19 Criticality=false
BasicConstraints:[
  CA:true
  PathLen:2147483647
]

[4]: ObjectId: 2.5.29.31 Criticality=false
CRLDistributionPoints [
  [DistributionPoint:
     [CN=CRL1, OU=Equifax Secure Certificate Authority, O=Equifax, C=US]
]]

[5]: ObjectId: 2.5.29.15 Criticality=false
KeyUsage [
  Key_CertSign
  Crl_Sign
]

[6]: ObjectId: 2.5.29.16 Criticality=false
PrivateKeyUsage: [
To: Wed Aug 22 18:41:51 CEST 2018]

[7]: ObjectId: 2.5.29.14 Criticality=false
SubjectKeyIdentifier [
KeyIdentifier [
0000: 48 E6 68 F9 2B D2 B2 95   D7 47 D8 23 20 10 4F 33  H.h.+....G.# .O3
0010: 98 90 9F D4                                        ....
]
]

]
  Algorithm: [SHA1withRSA]
  Signature:
0000: 58 CE 29 EA FC F7 DE B5   CE 02 B9 17 B5 85 D1 B9  X.).............
0010: E3 E0 95 CC 25 31 0D 00   A6 92 6E 7F B6 92 63 9E  ....%1....n...c.
0020: 50 95 D1 9A 6F E4 11 DE   63 85 6E 98 EE A8 FF 5A  P...o...c.n....Z
0030: C8 D3 55 B2 66 71 57 DE   C0 21 EB 3D 2A A7 23 49  ..U.fqW..!.=*.#I
0040: 01 04 86 42 7B FC EE 7F   A2 16 52 B5 67 67 D3 40  ...B......R.gg.@
0050: DB 3B 26 58 B2 28 77 3D   AE 14 77 61 D6 FA 2A 66  .;&amp;X.(w=..wa..*f
0060: 27 A0 0D FA A7 73 5C EA   70 F1 94 21 65 44 5F FA  &apos;....s\.p..!eD_.
0070: FC EF 29 68 A9 A2 87 79   EF 79 EF 4F AC 07 77 38  ..)h...y.y.O..w8

]
Mar 10, 2020 2:41:35 PM com.sun.enterprise.security.ssl.impl.SecuritySupportImpl checkCertificateDates
SEVERE: The SSL certificate has expired: [
[
  Version: V1
  Subject: EMAILADDRESS=info@valicert.com, CN=http://www.valicert.com/, OU=ValiCert Class 1 Policy Validation Authority, O=&quot;ValiCert, Inc.&quot;, L=ValiCert Validation Network
  Signature Algorithm: SHA1withRSA, OID = 1.2.840.113549.1.1.5

  Key:  Sun RSA public key, 1024 bits
  modulus: 151925888865184058874596115697730858614669202904769539704127201646756051534655032055038307213409211434232006871742531947988573725777089613115182024490816865656158552458656885327170084896923777999088309064172252953507954380307187005509476625887177487300137191089047376069803199185872063354381508052921226182513
  public exponent: 65537
  Validity: [From: Sat Jun 26 00:23:48 CEST 1999,
               To: Wed Jun 26 00:23:48 CEST 2019]
  Issuer: EMAILADDRESS=info@valicert.com, CN=http://www.valicert.com/, OU=ValiCert Class 1 Policy Validation Authority, O=&quot;ValiCert, Inc.&quot;, L=ValiCert Validation Network
  SerialNumber: [    01]

]
  Algorithm: [SHA1withRSA]
  Signature:
0000: 50 68 3D 49 F4 2C 1C 06   94 DF 95 60 7F 96 7B 17  Ph=I.,.....`....
0010: FE 4F 71 AD 64 C8 DD 77   D2 EF 59 55 E8 3F E8 8E  .Oq.d..w..YU.?..
0020: 05 2A 21 F2 07 D2 B5 A7   52 FE 9C B1 B6 E2 5B 77  .*!.....R.....[w
0030: 17 40 EA 72 D6 23 CB 28   81 32 C3 00 79 18 EC 59  .@.r.#.(.2..y..Y
0040: 17 89 C9 C6 6A 1E 71 C9   FD B7 74 A5 25 45 69 C5  ....j.q...t.%Ei.
0050: 48 AB 19 E1 45 8A 25 6B   19 EE E5 BB 12 F5 7F F7  H...E.%k........
0060: A6 8D 51 C3 F0 9D 74 B7   A9 3E A0 A5 FF B6 49 03  ..Q...t..&gt;....I.
0070: 13 DA 22 CC ED 71 82 2B   99 CF 3A B7 F5 2D 72 C8  ..&quot;..q.+..:..-r.

]
Mar 10, 2020 2:41:35 PM com.sun.enterprise.security.ssl.impl.SecuritySupportImpl checkCertificateDates
SEVERE: The SSL certificate has expired: [
[
  Version: V3
  Subject: CN=Deutsche Telekom Root CA 2, OU=T-TeleSec Trust Center, O=Deutsche Telekom AG, C=DE
  Signature Algorithm: SHA1withRSA, OID = 1.2.840.113549.1.1.5

  Key:  Sun RSA public key, 2048 bits
  modulus: 21592488834472721835828923313267221681805681560816613665117041067418990628699422224541254881572840018756975149874502129398529690135936622683711503874225941028227513056091445982024526423239271903233756224518597826922911539049531994350382435126606426875761918197347607336633222436005626297159414389201765113308100318618288288291485154604265616398148296650155165318384289355945126554105645039541404960531031242256759730414072461724450991364449022227333471969448508379191402045485854015177532248310281723157915707656855986344971996618557740103577115665148480410347160129515545343296359775806391716937455257572333597903487
  public exponent: 65537
  Validity: [From: Fri Jul 09 14:11:00 CEST 1999,
               To: Wed Jul 10 01:59:00 CEST 2019]
  Issuer: CN=Deutsche Telekom Root CA 2, OU=T-TeleSec Trust Center, O=Deutsche Telekom AG, C=DE
  SerialNumber: [    26]

Certificate Extensions: 3
[1]: ObjectId: 2.5.29.19 Criticality=false
BasicConstraints:[
  CA:true
  PathLen:5
]

[2]: ObjectId: 2.5.29.15 Criticality=true
KeyUsage [
  Key_CertSign
  Crl_Sign
]

[3]: ObjectId: 2.5.29.14 Criticality=false
SubjectKeyIdentifier [
KeyIdentifier [
0000: 31 C3 79 1B BA F5 53 D7   17 E0 89 7A 2D 17 6C 0A  1.y...S....z-.l.
0010: B3 2B 9D 33                                        .+.3
]
]

]
  Algorithm: [SHA1withRSA]
  Signature:
0000: 94 64 59 AD 39 64 E7 29   EB 13 FE 5A C3 8B 13 57  .dY.9d.)...Z...W
0010: C8 04 24 F0 74 77 C0 60   E3 67 FB E9 89 A6 83 BF  ..$.tw.`.g......
0020: 96 82 7C 6E D4 C3 3D EF   9E 80 6E BB 29 B4 98 7A  ...n..=...n.)..z
0030: B1 3B 54 EB 39 17 47 7E   1A 8E 0B FC 1F 31 59 31  .;T.9.G......1Y1
0040: 04 B2 CE 17 F3 2C C7 62   36 55 E2 22 D8 89 55 B4  .....,.b6U.&quot;..U.
0050: 98 48 AA 64 FA D6 1C 36   D8 44 78 5A 5A 23 3A 57  .H.d...6.DxZZ#:W
0060: 97 F5 7A 30 4F AE 9F 6A   4C 4B 2B 8E A0 03 E3 3E  ..z0O..jLK+....&gt;
0070: E0 A9 D4 D2 7B D2 B3 A8   E2 72 3C AD 9E FF 80 59  .........r&lt;....Y
0080: E4 9B 45 B4 F6 3B B0 CD   39 19 98 32 E5 EA 21 61  ..E..;..9..2..!a
0090: 90 E4 31 21 8E 34 B1 F7   2F 35 4A 85 10 DA E7 8A  ..1!.4../5J.....
00A0: 37 21 BE 59 63 E0 F2 85   88 31 53 D4 54 14 85 70  7!.Yc....1S.T..p
00B0: 79 F4 2E 06 77 27 75 2F   1F B8 8A F9 FE C5 BA D8  y...w&apos;u/........
00C0: 36 E4 83 EC E7 65 B7 BF   63 5A F3 46 AF 81 94 37  6....e..cZ.F...7
00D0: D4 41 8C D6 23 D6 1E CF   F5 68 1B 44 63 A2 5A BA  .A..#....h.Dc.Z.
00E0: A7 35 59 A1 E5 70 05 9B   0E 23 57 99 94 0A 6D BA  .5Y..p...#W...m.
00F0: 39 63 28 86 92 F3 18 84   D8 FB D1 CF 05 56 64 57  9c(..........VdW

]
Mar 10, 2020 2:41:35 PM com.sun.enterprise.security.ssl.impl.SecuritySupportImpl checkCertificateDates
SEVERE: The SSL certificate has expired: [
[
  Version: V3
  Subject: CN=UTN-USERFirst-Object, OU=http://www.usertrust.com, O=The USERTRUST Network, L=Salt Lake City, ST=UT, C=US
  Signature Algorithm: SHA1withRSA, OID = 1.2.840.113549.1.1.5

  Key:  Sun RSA public key, 2048 bits
  modulus: 26089169911678858865991511858875018069758338505533527462172337786204673367201602811546574640748857094704621917169263361432410969054122980449366775775683958731678628537096651015729026509693790613002386233604576087941792746820140601531177906512322858774418438789963524472024549424258625465956056239870371201987568255001387080085214098713225036387005613800836210061170539695894186554629737711561028350273878428532147416962073327382818781154880552701805035056445039795783116295126527723091589252882972104614102959845116673111648476990905383519003917711966754877934329503061578142937900733132981896802936855388605850814069
  public exponent: 65537
  Validity: [From: Fri Jul 09 20:31:20 CEST 1999,
               To: Tue Jul 09 20:40:36 CEST 2019]
  Issuer: CN=UTN-USERFirst-Object, OU=http://www.usertrust.com, O=The USERTRUST Network, L=Salt Lake City, ST=UT, C=US
  SerialNumber: [    44be0c8b 500024b4 11d3362d e0b35f1b]

Certificate Extensions: 5
[1]: ObjectId: 2.5.29.19 Criticality=true
BasicConstraints:[
  CA:true
  PathLen:2147483647
]

[2]: ObjectId: 2.5.29.31 Criticality=false
CRLDistributionPoints [
  [DistributionPoint:
     [URIName: http://crl.usertrust.com/UTN-USERFirst-Object.crl]
]]

[3]: ObjectId: 2.5.29.37 Criticality=false
ExtendedKeyUsages [
  codeSigning
  timeStamping
  1.3.6.1.4.1.311.10.3.4
]

[4]: ObjectId: 2.5.29.15 Criticality=false
KeyUsage [
  DigitalSignature
  Non_repudiation
  Key_CertSign
  Crl_Sign
]

[5]: ObjectId: 2.5.29.14 Criticality=false
SubjectKeyIdentifier [
KeyIdentifier [
0000: DA ED 64 74 14 9C 14 3C   AB DD 99 A9 BD 5B 28 4D  ..dt...&lt;.....[(M
0010: 8B 3C C9 D8                                        .&lt;..
]
]

]
  Algorithm: [SHA1withRSA]
  Signature:
0000: 08 1F 52 B1 37 44 78 DB   FD CE B9 DA 95 96 98 AA  ..R.7Dx.........
0010: 55 64 80 B5 5A 40 DD 21   A5 C5 C1 F3 5F 2C 4C C8  Ud..Z@.!...._,L.
0020: 47 5A 69 EA E8 F0 35 35   F4 D0 25 F3 C8 A6 A4 87  GZi...55..%.....
0030: 4A BD 1B B1 73 08 BD D4   C3 CA B6 35 BB 59 86 77  J...s......5.Y.w
0040: 31 CD A7 80 14 AE 13 EF   FC B1 48 F9 6B 25 25 2D  1.........H.k%%-
0050: 51 B6 2C 6D 45 C1 98 C8   8A 56 5D 3E EE 43 4E 3E  Q.,mE....V]&gt;.CN&gt;
0060: 6B 27 8E D0 3A 4B 85 0B   5F D3 ED 6A A7 75 CB D1  k&apos;..:K.._..j.u..
0070: 5A 87 2F 39 75 13 5A 72   B0 02 81 9F BE F0 0F 84  Z./9u.Zr........
0080: 54 20 62 6C 69 D4 E1 4D   C6 0D 99 43 01 0D 12 96  T bli..M...C....
0090: 8C 78 9D BF 50 A2 B1 44   AA 6A CF 17 7A CF 6F 0F  .x..P..D.j..z.o.
00A0: D4 F8 24 55 5F F0 34 16   49 66 3E 50 46 C9 63 71  ..$U_.4.If&gt;PF.cq
00B0: 38 31 62 B8 62 B9 F3 53   AD 6C B5 2B A2 12 AA 19  81b.b..S.l.+....
00C0: 4F 09 DA 5E E7 93 C6 8E   14 08 FE F0 30 80 18 A0  O..^........0...
00D0: 86 85 4D C8 7D D7 8B 03   FE 6E D5 F7 9D 16 AC 92  ..M......n......
00E0: 2C A0 23 E5 9C 91 52 1F   94 DF 17 94 73 C3 B3 C1  ,.#...R.....s...
00F0: C1 71 05 20 00 78 BD 13   52 1D A8 3E CD 00 1F C8  .q. .x..R..&gt;....

]
Mar 10, 2020 2:41:35 PM com.sun.enterprise.security.ssl.impl.SecuritySupportImpl checkCertificateDates
SEVERE: The SSL certificate has expired: [
[
  Version: V3
  Subject: CN=Class 3P Primary CA, O=Certplus, C=FR
  Signature Algorithm: SHA1withRSA, OID = 1.2.840.113549.1.1.5

  Key:  Sun RSA public key, 2048 bits
  modulus: 21614364623234645301176979052165345431898293847960486915478489113641331309644631752003221165383118398140398886336016387390724896962665812867256887907245520366436021903224959533376678696719936735972067367920592968608491103081205372406043624400010083880772415904795029373948490802676779159314439078110930739868553466210514140689407010259951984397616006783494760981020892138542824737977628597898766038609349270744008280631843922769380819511751485857445066566834873801830547383948214472026533037321650013565965180311449002065019426293174492769711409600018705331909203823027179297493805317578775200581989013716669464825171
  public exponent: 65537
  Validity: [From: Wed Jul 07 19:10:00 CEST 1999,
               To: Sun Jul 07 01:59:59 CEST 2019]
  Issuer: CN=Class 3P Primary CA, O=Certplus, C=FR
  SerialNumber: [    bf5cdbb6 f21c6ec0 4deb7a02 3b36e879]

Certificate Extensions: 5
[1]: ObjectId: 2.5.29.19 Criticality=false
BasicConstraints:[
  CA:true
  PathLen:10
]

[2]: ObjectId: 2.5.29.31 Criticality=false
CRLDistributionPoints [
  [DistributionPoint:
     [URIName: http://www.certplus.com/CRL/class3P.crl]
]]

[3]: ObjectId: 2.5.29.15 Criticality=false
KeyUsage [
  Key_CertSign
  Crl_Sign
]

[4]: ObjectId: 2.16.840.1.113730.1.1 Criticality=false
NetscapeCertType [
   Object Signing CA]

[5]: ObjectId: 2.5.29.14 Criticality=false
SubjectKeyIdentifier [
KeyIdentifier [
0000: 86 E1 E1 81 71 BF 6A 12   F1 0A F2 01 E4 C8 FB 40  ....q.j........@
0010: CE 68 80 89                                        .h..
]
]

]
  Algorithm: [SHA1withRSA]
  Signature:
0000: 25 AA E1 22 40 C2 A4 80   3C B7 A2 5D 99 8D 1F 7A  %..&quot;@...&lt;..]...z
0010: 42 35 38 66 17 11 DF BD   AF FC 15 11 98 19 33 E6  B58f..........3.
0020: 05 42 84 54 A8 4B EB B0   9D DB 37 DA 16 52 40 11  .B.T.K....7..R@.
0030: 74 68 BF E9 C9 B2 10 84   B7 1D 44 00 79 27 1C F5  th........D.y&apos;..
0040: 58 06 17 18 32 35 B6 30   97 63 C6 A6 39 1B C8 EE  X...25.0.c..9...
0050: 46 17 62 C5 2E E7 0A A3   9A 8A 30 63 73 AA 14 A5  F.b.......0cs...
0060: 4D 0A A8 72 93 F0 49 11   10 90 7C 18 7D A8 20 05  M..r..I....... .
0070: C4 C2 7A 35 BA 1C 5A 0A   E0 2E 78 C8 88 B1 CF 57  ..z5..Z...x....W
0080: 01 EC 3D E2 06 13 34 C0   A8 DC FA 80 80 05 EE 05  ..=...4.........
0090: 76 BD 9D 2B C8 9D 50 6F   6B C5 40 50 84 FD 5D 1D  v..+..Pok.@P..].
00A0: E6 90 9C 10 D3 A4 C6 B9   28 1A DE B5 F8 0A 70 AA  ........(.....p.
00B0: CE DE 50 3D 03 80 DB D8   88 C5 48 06 E4 03 73 DD  ..P=......H...s.
00C0: 16 CE 36 D6 E5 9B EA 77   DA B2 96 B5 65 A7 04 5D  ..6....w....e..]
00D0: 23 AE F7 93 B2 5E 8A 51   64 5F DA CF 8C 3D 41 5B  #....^.Qd_...=A[
00E0: DE F9 A3 E9 2A 7C 47 10   1F F6 32 3C 7E 70 E9 DF  ....*.G...2&lt;.p..
00F0: A1 D5 2E 0D B1 1A 45 B4   BC 12 ED 28 17 E9 1E 02  ......E....(....

]
Mar 10, 2020 2:41:35 PM com.sun.enterprise.security.ssl.impl.SecuritySupportImpl checkCertificateDates
SEVERE: The SSL certificate has expired: [
[
  Version: V3
  Subject: CN=UTN - DATACorp SGC, OU=http://www.usertrust.com, O=The USERTRUST Network, L=Salt Lake City, ST=UT, C=US
  Signature Algorithm: SHA1withRSA, OID = 1.2.840.113549.1.1.5

  Key:  Sun RSA public key, 2048 bits
  modulus: 28268673816178652097323205892483557333571155870875470430960147296575080125058259576216678502943701783863235065864619513554332825256576232328090594008995653938402850832639909846660254240227871328870817423755670515240676922575555781981369246549012690884955359776531332666259760261360631995682094260285182867794701000430219975797941893404079475222143745688332320735114398825135169097291174452108993502788913943850837279188978684549502068499879944154157617599256436144641192788443262416163408036570340837806929138395134745754413204505641922381176732200396779902698082435830886530134629482115518533241525728911403361018543
  public exponent: 65537
  Validity: [From: Thu Jun 24 20:57:21 CEST 1999,
               To: Mon Jun 24 21:06:30 CEST 2019]
  Issuer: CN=UTN - DATACorp SGC, OU=http://www.usertrust.com, O=The USERTRUST Network, L=Salt Lake City, ST=UT, C=US
  SerialNumber: [    44be0c8b 500021b4 11d32a68 06a9ad69]

Certificate Extensions: 5
[1]: ObjectId: 2.5.29.19 Criticality=true
BasicConstraints:[
  CA:true
  PathLen:2147483647
]

[2]: ObjectId: 2.5.29.31 Criticality=false
CRLDistributionPoints [
  [DistributionPoint:
     [URIName: http://crl.usertrust.com/UTN-DATACorpSGC.crl]
]]

[3]: ObjectId: 2.5.29.37 Criticality=false
ExtendedKeyUsages [
  serverAuth
  1.3.6.1.4.1.311.10.3.3
  2.16.840.1.113730.4.1
]

[4]: ObjectId: 2.5.29.15 Criticality=false
KeyUsage [
  DigitalSignature
  Non_repudiation
  Key_CertSign
  Crl_Sign
]

[5]: ObjectId: 2.5.29.14 Criticality=false
SubjectKeyIdentifier [
KeyIdentifier [
0000: 53 32 D1 B3 CF 7F FA E0   F1 A0 5D 85 4E 92 D2 9E  S2........].N...
0010: 45 1D B4 4F                                        E..O
]
]

]
  Algorithm: [SHA1withRSA]
  Signature:
0000: 27 35 97 00 8A 8B 28 BD   C6 33 30 1E 29 FC E2 F7  &apos;5....(..30.)...
0010: D5 98 D4 40 BB 60 CA BF   AB 17 2C 09 36 7F 50 FA  ...@.`....,.6.P.
0020: 41 DC AE 96 3A 0A 23 3E   89 59 C9 A3 07 ED 1B 37  A...:.#&gt;.Y.....7
0030: AD FC 7C BE 51 49 5A DE   3A 0A 54 08 16 45 C2 99  ....QIZ.:.T..E..
0040: B1 87 CD 8C 68 E0 69 03   E9 C4 4E 98 B2 3B 8C 16  ....h.i...N..;..
0050: B3 0E A0 0C 98 50 9B 93   A9 70 09 C8 2C A3 8F DF  .....P...p..,...
0060: 02 E4 E0 71 3A F1 B4 23   72 A0 AA 01 DF DF 98 3E  ...q:..#r......&gt;
0070: 14 50 A0 31 26 BD 28 E9   5A 30 26 75 F9 7B 60 1C  .P.1&amp;.(.Z0&amp;u..`.
0080: 8D F3 CD 50 26 6D 04 27   9A DF D5 0D 45 47 29 6B  ...P&amp;m.&apos;....EG)k
0090: 2C E6 76 D9 A9 29 7D 32   DD C9 36 3C BD AE 35 F1  ,.v..).2..6&lt;..5.
00A0: 11 9E 1D BB 90 3F 12 47   4E 8E D7 7E 0F 62 73 1D  .....?.GN....bs.
00B0: 52 26 38 1C 18 49 FD 30   74 9A C4 E5 22 2F D8 C0  R&amp;8..I.0t...&quot;/..
00C0: 8D ED 91 7A 4C 00 8F 72   7F 5D DA DD 1B 8B 45 6B  ...zL..r.]....Ek
00D0: E7 DD 69 97 A8 C5 56 4C   0F 0C F6 9F 7A 91 37 F6  ..i...VL....z.7.
00E0: 97 82 E0 DD 71 69 FF 76   3F 60 4D 3C CF F7 99 F9  ....qi.v?`M&lt;....
00F0: C6 57 F4 C9 55 39 78 BA   2C 79 C9 A6 88 2B F4 08  .W..U9x.,y...+..

]
Mar 10, 2020 2:41:35 PM com.sun.enterprise.security.ssl.impl.SecuritySupportImpl checkCertificateDates
SEVERE: The SSL certificate has expired: [
[
  Version: V1
  Subject: CN=GTE CyberTrust Global Root, OU=&quot;GTE CyberTrust Solutions, Inc.&quot;, O=GTE Corporation, C=US
  Signature Algorithm: MD5withRSA, OID = 1.2.840.113549.1.1.4

  Key:  Sun RSA public key, 1024 bits
  modulus: 104674226241368487598835828377585222181792546532354327780214427055917513664449991602803276678454577364904540367827644455215731003386468752240014232146814457308076052176227490263634768927290191763858631579785604655038492469791381988347440106477066514204303723029602991655085187937840556671697442212352844587673
  public exponent: 65537
  Validity: [From: Thu Aug 13 02:29:00 CEST 1998,
               To: Tue Aug 14 01:59:00 CEST 2018]
  Issuer: CN=GTE CyberTrust Global Root, OU=&quot;GTE CyberTrust Solutions, Inc.&quot;, O=GTE Corporation, C=US
  SerialNumber: [    01a5]

]
  Algorithm: [MD5withRSA]
  Signature:
0000: 6D EB 1B 09 E9 5E D9 51   DB 67 22 61 A4 2A 3C 48  m....^.Q.g&quot;a.*&lt;H
0010: 77 E3 A0 7C A6 DE 73 A2   14 03 85 3D FB AB 0E 30  w.....s....=...0
0020: C5 83 16 33 81 13 08 9E   7B 34 4E DF 40 C8 74 D7  ...3.....4N.@.t.
0030: B9 7D DC F4 76 55 7D 9B   63 54 18 E9 F0 EA F3 5C  ....vU..cT.....\
0040: B1 D9 8B 42 1E B9 C0 95   4E BA FA D5 E2 7C F5 68  ...B....N......h
0050: 61 BF 8E EC 05 97 5F 5B   B0 D7 A3 85 34 C4 24 A7  a....._[....4.$.
0060: 0D 0F 95 93 EF CB 94 D8   9E 1F 9D 5C 85 6D C7 AA  ...........\.m..
0070: AE 4F 1F 22 B5 CD 95 AD   BA A7 CC F9 AB 0B 7A 7F  .O.&quot;..........z.

]
Mar 10, 2020 2:41:35 PM com.sun.enterprise.security.ssl.impl.SecuritySupportImpl checkCertificateDates
SEVERE: The SSL certificate has expired: [
[
  Version: V3
  Subject: CN=Class 2 Primary CA, O=Certplus, C=FR
  Signature Algorithm: SHA1withRSA, OID = 1.2.840.113549.1.1.5

  Key:  Sun RSA public key, 2048 bits
  modulus: 27812167065015388823464546085051838038637984524955446961713677446129738317206823109084046347331445589553661044970567054378890434198997684264035427965612348371450712507326051325897699623193542549935623373656021173400812096660408265660428190707740194627521887231277265714580183676839834206986781235312765075220315950810958811507502280227588815441578477215291988534906157760976397769689888907215150855840434702583111602520999318134940603246969350823443276228221841309609603461799754824116277675568900353181300725440703667660602245837574324610290490844383628811548288261887809415643569655985365531456192407526391687177813
  public exponent: 65537
  Validity: [From: Wed Jul 07 19:05:00 CEST 1999,
               To: Sun Jul 07 01:59:59 CEST 2019]
  Issuer: CN=Class 2 Primary CA, O=Certplus, C=FR
  SerialNumber: [    85bd4bf3 d8dae369 f694d75f c3a54423]

Certificate Extensions: 5
[1]: ObjectId: 2.5.29.19 Criticality=false
BasicConstraints:[
  CA:true
  PathLen:10
]

[2]: ObjectId: 2.5.29.31 Criticality=false
CRLDistributionPoints [
  [DistributionPoint:
     [URIName: http://www.certplus.com/CRL/class2.crl]
]]

[3]: ObjectId: 2.5.29.15 Criticality=false
KeyUsage [
  Key_CertSign
  Crl_Sign
]

[4]: ObjectId: 2.16.840.1.113730.1.1 Criticality=false
NetscapeCertType [
   SSL CA
   S/MIME CA
]

[5]: ObjectId: 2.5.29.14 Criticality=false
SubjectKeyIdentifier [
KeyIdentifier [
0000: E3 73 2D DF CB 0E 28 0C   DE DD B3 A4 CA 79 B8 8E  .s-...(......y..
0010: BB E8 30 89                                        ..0.
]
]

]
  Algorithm: [SHA1withRSA]
  Signature:
0000: A7 54 CF 88 44 19 CB DF   D4 7F 00 DF 56 33 62 B5  .T..D.......V3b.
0010: F7 51 01 90 EB C3 3F D1   88 44 E9 24 5D EF E7 14  .Q....?..D.$]...
0020: BD 20 B7 9A 3C 00 FE 6D   9F DB 90 DC D7 F4 62 D6  . ..&lt;..m......b.
0030: 8B 70 5D E7 E5 04 48 A9   68 7C C9 F1 42 F3 6C 7F  .p]...H.h...B.l.
0040: C5 7A 7C 1D 51 88 BA D2   0A 3E 27 5D DE 2D 51 4E  .z..Q....&gt;&apos;].-QN
0050: D3 13 64 69 E4 2E E3 D3   E7 9B 09 99 A6 E0 95 9B  ..di............
0060: CE 1A D7 7F BE 3C CE 52   B3 11 15 C1 0F 17 CD 03  .....&lt;.R........
0070: BB 9C 25 15 BA A2 76 89   FC 06 F1 18 D0 93 4B 0E  ..%...v.......K.
0080: 7C 82 B7 A5 F4 F6 5F FE   ED 40 A6 9D 84 74 39 B9  ......_..@...t9.
0090: DC 1E 85 16 DA 29 1B 86   23 00 C9 BB 89 7E 6E 80  .....)..#.....n.
00A0: 88 1E 2F 14 B4 03 24 A8   32 6F 03 9A 47 2C 30 BE  ../...$.2o..G,0.
00B0: 56 C6 A7 42 02 70 1B EA   40 D8 BA 05 03 70 07 A4  V..B.p..@....p..
00C0: 96 FF FD 48 33 0A E1 DC   A5 81 90 9B 4D DD 7D E7  ...H3.......M...
00D0: E7 B2 CD 5C C8 6A 95 F8   A5 F6 8D C4 5D 78 08 BE  ...\.j......]x..
00E0: 7B 06 D6 49 CF 19 36 50   23 2E 08 E6 9E 05 4D 47  ...I..6P#.....MG
00F0: 18 D5 16 E9 B1 D6 B6 10   D5 BB 97 BF A2 8E B4 54  ...............T

]
Mar 10, 2020 2:41:35 PM com.sun.enterprise.security.ssl.impl.SecuritySupportImpl checkCertificateDates
SEVERE: The SSL certificate has expired: [
[
  Version: V1
  Subject: EMAILADDRESS=info@valicert.com, CN=http://www.valicert.com/, OU=ValiCert Class 2 Policy Validation Authority, O=&quot;ValiCert, Inc.&quot;, L=ValiCert Validation Network
  Signature Algorithm: SHA1withRSA, OID = 1.2.840.113549.1.1.5

  Key:  Sun RSA public key, 1024 bits
  modulus: 144818436341096761985811202737494206713391677595229133995919965906075571723417302122258845817512509741851949889312775533894542459533525989634864163190484842795759754920238603578496864031819985263409865098016203846634102571893793272259527714445999489570945345148962461192686341786119603639416861115723459488247
  public exponent: 65537
  Validity: [From: Sat Jun 26 02:19:54 CEST 1999,
               To: Wed Jun 26 02:19:54 CEST 2019]
  Issuer: EMAILADDRESS=info@valicert.com, CN=http://www.valicert.com/, OU=ValiCert Class 2 Policy Validation Authority, O=&quot;ValiCert, Inc.&quot;, L=ValiCert Validation Network
  SerialNumber: [    01]

]
  Algorithm: [SHA1withRSA]
  Signature:
0000: 3B 7F 50 6F 6F 50 94 99   49 62 38 38 1F 4B F8 A5  ;.PooP..Ib88.K..
0010: C8 3E A7 82 81 F6 2B C7   E8 C5 CE E8 3A 10 82 CB  .&gt;....+.....:...
0020: 18 00 8E 4D BD A8 58 7F   A1 79 00 B5 BB E9 8D AF  ...M..X..y......
0030: 41 D9 0F 34 EE 21 81 19   A0 32 49 28 F4 C4 8E 56  A..4.!...2I(...V
0040: D5 52 33 FD 50 D5 7E 99   6C 03 E4 C9 4C FC CB 6C  .R3.P...l...L..l
0050: AB 66 B3 4A 21 8C E5 B5   0C 32 3E 10 B2 CC 6C A1  .f.J!....2&gt;...l.
0060: DC 9A 98 4C 02 5B F3 CE   B9 9E A5 72 0E 4A B7 3F  ...L.[.....r.J.?
0070: 3C E6 16 68 F8 BE ED 74   4C BC 5B D5 62 1F 43 DD  &lt;..h...tL.[.b.C.

]
Mar 10, 2020 2:41:35 PM com.sun.enterprise.security.ssl.impl.SecuritySupportImpl checkCertificateDates
SEVERE: The SSL certificate has expired: [
[
  Version: V3
  Subject: CN=Entrust.net Certification Authority (2048), OU=(c) 1999 Entrust.net Limited, OU=www.entrust.net/CPS_2048 incorp. by ref. (limits liab.), O=Entrust.net
  Signature Algorithm: SHA1withRSA, OID = 1.2.840.113549.1.1.5

  Key:  Sun RSA public key, 2048 bits
  modulus: 21877342614735064986586094209008949861633415438321046094865735894101046869669024974234189221129376235137504163448391667494521959302368300673495711648664420351966300087244240539893392975177816108541817252818998001932142985065266407504518566289301698937041931668276581800733716890145024940625536991682725365140451115767110550542345758164504698636529042078537609343076050570785483670809094993963575569689277704991843533760219663288836022206035538841969109577376809337618824179167781883694301066738001489513517818892302945620562766589172426570508291886401623875028645352783701438149952282706361006848685772598444243814369
  public exponent: 65537
  Validity: [From: Fri Dec 24 18:50:51 CET 1999,
               To: Tue Dec 24 19:20:51 CET 2019]
  Issuer: CN=Entrust.net Certification Authority (2048), OU=(c) 1999 Entrust.net Limited, OU=www.entrust.net/CPS_2048 incorp. by ref. (limits liab.), O=Entrust.net
  SerialNumber: [    3863b966]

Certificate Extensions: 4
[1]: ObjectId: 1.2.840.113533.7.65.0 Criticality=false
Extension unknown: DER encoded OCTET string =
0000: 04 10 30 0E 1B 08 56 35   2E 30 3A 34 2E 30 03 02  ..0...V5.0:4.0..
0010: 04 90                                              ..


[2]: ObjectId: 2.5.29.35 Criticality=false
AuthorityKeyIdentifier [
KeyIdentifier [
0000: 55 E4 81 D1 11 80 BE D8   89 B9 08 A3 31 F9 A1 24  U...........1..$
0010: 09 16 B9 70                                        ...p
]
]

[3]: ObjectId: 2.16.840.1.113730.1.1 Criticality=false
NetscapeCertType [
   SSL CA
   S/MIME CA
   Object Signing CA]

[4]: ObjectId: 2.5.29.14 Criticality=false
SubjectKeyIdentifier [
KeyIdentifier [
0000: 55 E4 81 D1 11 80 BE D8   89 B9 08 A3 31 F9 A1 24  U...........1..$
0010: 09 16 B9 70                                        ...p
]
]

]
  Algorithm: [SHA1withRSA]
  Signature:
0000: 59 47 AC 21 84 8A 17 C9   9C 89 53 1E BA 80 85 1A  YG.!......S.....
0010: C6 3C 4E 3E B1 9C B6 7C   C6 92 5D 18 64 02 E3 D3  .&lt;N&gt;......].d...
0020: 06 08 11 61 7C 63 E3 2B   9D 31 03 70 76 D2 A3 28  ...a.c.+.1.pv..(
0030: A0 F4 BB 9A 63 73 ED 6D   E5 2A DB ED 14 A9 2B C6  ....cs.m.*....+.
0040: 36 11 D0 2B EB 07 8B A5   DA 9E 5C 19 9D 56 12 F5  6..+......\..V..
0050: 54 29 C8 05 ED B2 12 2A   8D F4 03 1B FF E7 92 10  T).....*........
0060: 87 B0 3A B5 C3 9D 05 37   12 A3 C7 F4 15 B9 D5 A4  ..:....7........
0070: 39 16 9B 53 3A 23 91 F1   A8 82 A2 6A 88 68 C1 79  9..S:#.....j.h.y
0080: 02 22 BC AA A6 D6 AE DF   B0 14 5F B8 87 D0 DD 7C  .&quot;........_.....
0090: 7F 7B FF AF 1C CF E6 DB   07 AD 5E DB 85 9D D0 2B  ..........^....+
00A0: 0D 33 DB 04 D1 E6 49 40   13 2B 76 FB 3E E9 9C 89  .3....I@.+v.&gt;...
00B0: 0F 15 CE 18 B0 85 78 21   4F 6B 4F 0E FA 36 67 CD  ......x!OkO..6g.
00C0: 07 F2 FF 08 D0 E2 DE D9   BF 2A AF B8 87 86 21 3C  .........*....!&lt;
00D0: 04 CA B7 94 68 7F CF 3C   E9 98 D7 38 FF EC C0 D9  ....h..&lt;...8....
00E0: 50 F0 2E 4B 58 AE 46 6F   D0 2E C3 60 DA 72 55 72  P..KX.Fo...`.rUr
00F0: BD 4C 45 9E 61 BA BF 84   81 92 03 D1 D2 69 7C C5  .LE.a........i..

]
Mar 10, 2020 2:41:35 PM com.sun.enterprise.security.ssl.impl.SecuritySupportImpl checkCertificateDates
SEVERE: The SSL certificate has expired: [
[
  Version: V3
  Subject: CN=Entrust.net Secure Server Certification Authority, OU=(c) 1999 Entrust.net Limited, OU=www.entrust.net/CPS incorp. by ref. (limits liab.), O=Entrust.net, C=US
  Signature Algorithm: SHA1withRSA, OID = 1.2.840.113549.1.1.5

  Key:  Sun RSA public key, 1024 bits
  modulus: 144067023913051061401427662951005762134922353734488468053603530223452408322326917369347612678930500793708458747092762943382762018047024013938414215872028527163969125655573945488614401571467677066488315957153441759858575776484848611157850921563438091296557524842885335944479053857025193408242979060399539152451
  public exponent: 3
  Validity: [From: Tue May 25 18:09:40 CEST 1999,
               To: Sat May 25 18:39:40 CEST 2019]
  Issuer: CN=Entrust.net Secure Server Certification Authority, OU=(c) 1999 Entrust.net Limited, OU=www.entrust.net/CPS incorp. by ref. (limits liab.), O=Entrust.net, C=US
  SerialNumber: [    374ad243]

Certificate Extensions: 8
[1]: ObjectId: 1.2.840.113533.7.65.0 Criticality=false
Extension unknown: DER encoded OCTET string =
0000: 04 0C 30 0A 1B 04 56 34   2E 30 03 02 04 90        ..0...V4.0....


[2]: ObjectId: 2.5.29.35 Criticality=false
AuthorityKeyIdentifier [
KeyIdentifier [
0000: F0 17 62 13 55 3D B3 FF   0A 00 6B FB 50 84 97 F3  ..b.U=....k.P...
0010: ED 62 D0 1A                                        .b..
]
]

[3]: ObjectId: 2.5.29.19 Criticality=false
BasicConstraints:[
  CA:true
  PathLen:2147483647
]

[4]: ObjectId: 2.5.29.31 Criticality=false
CRLDistributionPoints [
  [DistributionPoint:
     [CN=CRL1, CN=Entrust.net Secure Server Certification Authority, OU=(c) 1999 Entrust.net Limited, OU=www.entrust.net/CPS incorp. by ref. (limits liab.), O=Entrust.net, C=US]
, DistributionPoint:
     [URIName: http://www.entrust.net/CRL/net1.crl]
]]

[5]: ObjectId: 2.5.29.15 Criticality=false
KeyUsage [
  Key_CertSign
  Crl_Sign
]

[6]: ObjectId: 2.16.840.1.113730.1.1 Criticality=false
NetscapeCertType [
   SSL CA
   S/MIME CA
   Object Signing CA]

[7]: ObjectId: 2.5.29.16 Criticality=false
PrivateKeyUsage: [
From: Tue May 25 18:09:40 CEST 1999, To: Sat May 25 18:09:40 CEST 2019]

[8]: ObjectId: 2.5.29.14 Criticality=false
SubjectKeyIdentifier [
KeyIdentifier [
0000: F0 17 62 13 55 3D B3 FF   0A 00 6B FB 50 84 97 F3  ..b.U=....k.P...
0010: ED 62 D0 1A                                        .b..
]
]

]
  Algorithm: [SHA1withRSA]
  Signature:
0000: 90 DC 30 02 FA 64 74 C2   A7 0A A5 7C 21 8D 34 17  ..0..dt.....!.4.
0010: A8 FB 47 0E FF 25 7C 8D   13 0A FB E4 98 B5 EF 8C  ..G..%..........
0020: F8 C5 10 0D F7 92 BE F1   C3 D5 D5 95 6A 04 BB 2C  ............j..,
0030: CE 26 36 65 C8 31 C6 E7   EE 3F E3 57 75 84 7A 11  .&amp;6e.1...?.Wu.z.
0040: EF 46 4F 18 F4 D3 98 BB   A8 87 32 BA 72 F6 3C E2  .FO.......2.r.&lt;.
0050: 3D 9F D7 1D D9 C3 60 43   8C 58 0E 22 96 2F 62 A3  =.....`C.X.&quot;./b.
0060: 2C 1F BA AD 05 EF AB 32   78 87 A0 54 73 19 B5 5C  ,......2x..Ts..\
0070: 05 F9 52 3E 6D 2D 45 0B   F7 0A 93 EA ED 06 F9 B2  ..R&gt;m-E.........

]
Mar 10, 2020 2:41:35 PM com.sun.enterprise.security.SecurityLifecycle &lt;init&gt;
INFO: Java security manager is disabled.
Mar 10, 2020 2:41:35 PM com.sun.enterprise.security.SecurityLifecycle onInitialization
INFO: Entering Security Startup Service.
Mar 10, 2020 2:41:35 PM com.sun.enterprise.security.PolicyLoader loadPolicy
INFO: Loading policy provider com.sun.enterprise.security.jacc.provider.SimplePolicyProvider.
Mar 10, 2020 2:41:35 PM com.sun.enterprise.security.SecurityLifecycle onInitialization
INFO: Security Service(s) started successfully.
Mar 10, 2020 2:41:36 PM com.sun.enterprise.web.WebContainer createHttpListener
INFO: Created HTTP listener http-listener on host/port 0.0.0.0:7070
Mar 10, 2020 2:41:36 PM com.sun.enterprise.web.WebContainer createHttpListener
INFO: Created HTTP listener https-listener on host/port 0.0.0.0:8182
Mar 10, 2020 2:41:36 PM com.sun.enterprise.web.WebContainer createHosts
INFO: Created virtual server server
Mar 10, 2020 2:41:37 PM org.apache.catalina.realm.JAASRealm setContainer
INFO: Setting JAAS app name glassfish-web
Mar 10, 2020 2:41:37 PM com.sun.enterprise.web.WebContainer loadSystemDefaultWebModules
INFO: Virtual server server loaded default web module 
Mar 10, 2020 2:41:37 PM org.omnifaces.ApplicationInitializer logOmniFacesVersion
INFO: Using OmniFaces version 3.4
Mar 10, 2020 2:41:39 PM org.eclipse.persistence.session./file:/C:/Users/User/AppData/Local/Temp/gfembed1806539900285104835tmp/applications/bd32738a-8901-49a7-a9d4-a928ba8fde45/WEB-INF/classes/_academy
INFO: EclipseLink, version: Eclipse Persistence Services - 2.7.0.v20170811-d680af5
Mar 10, 2020 2:41:40 PM org.eclipse.persistence.session./file:/C:/Users/User/AppData/Local/Temp/gfembed1806539900285104835tmp/applications/bd32738a-8901-49a7-a9d4-a928ba8fde45/WEB-INF/classes/_academy.connection
INFO: /file:/C:/Users/User/AppData/Local/Temp/gfembed1806539900285104835tmp/applications/bd32738a-8901-49a7-a9d4-a928ba8fde45/WEB-INF/classes/_academy login successful
Mar 10, 2020 2:41:40 PM org.glassfish.persistence.common.Java2DBProcessorHelper executeDDLs
WARNING: PER01000: Got SQLException executing statement &quot;CREATE TABLE MOVIE (NAME VARCHAR(255) NOT NULL, DESCRIPTION VARCHAR(255), RATING INTEGER, RELEASEYEAR INTEGER, PRIMARY KEY (NAME))&quot;: java.sql.SQLTransactionRollbackException: Table/View &apos;MOVIE&apos; already exists in Schema &apos;APP&apos;.
Mar 10, 2020 2:41:40 PM org.glassfish.persistence.common.Java2DBProcessorHelper executeDDLs
WARNING: PER01000: Got SQLException executing statement &quot;CREATE TABLE ACTOR (NAME VARCHAR(255) NOT NULL, BIRTHYEAR INTEGER, PRIMARY KEY (NAME))&quot;: java.sql.SQLTransactionRollbackException: Table/View &apos;ACTOR&apos; already exists in Schema &apos;APP&apos;.
Mar 10, 2020 2:41:40 PM org.glassfish.persistence.common.Java2DBProcessorHelper executeDDLs
WARNING: PER01000: Got SQLException executing statement &quot;CREATE TABLE WEBUSER (USERNAME VARCHAR(255) NOT NULL, PRIMARY KEY (USERNAME))&quot;: java.sql.SQLTransactionRollbackException: Table/View &apos;WEBUSER&apos; already exists in Schema &apos;APP&apos;.
Mar 10, 2020 2:41:40 PM org.glassfish.persistence.common.Java2DBProcessorHelper executeDDLs
WARNING: PER01000: Got SQLException executing statement &quot;CREATE TABLE actor_list (movie VARCHAR(255) NOT NULL, actor VARCHAR(255) NOT NULL, PRIMARY KEY (movie, actor))&quot;: java.sql.SQLTransactionRollbackException: Table/View &apos;ACTOR_LIST&apos; already exists in Schema &apos;APP&apos;.
Mar 10, 2020 2:41:40 PM org.glassfish.persistence.common.Java2DBProcessorHelper executeDDLs
WARNING: PER01000: Got SQLException executing statement &quot;ALTER TABLE actor_list ADD CONSTRAINT actor_list_movie FOREIGN KEY (movie) REFERENCES MOVIE (NAME)&quot;: java.sql.SQLTransactionRollbackException: Constraint &apos;ACTOR_LIST_MOVIE&apos; already exists in Schema &apos;APP&apos;.
Mar 10, 2020 2:41:40 PM org.glassfish.persistence.common.Java2DBProcessorHelper executeDDLs
WARNING: PER01000: Got SQLException executing statement &quot;ALTER TABLE actor_list ADD CONSTRAINT actor_list_actor FOREIGN KEY (actor) REFERENCES ACTOR (NAME)&quot;: java.sql.SQLTransactionRollbackException: Constraint &apos;ACTOR_LIST_ACTOR&apos; already exists in Schema &apos;APP&apos;.
Mar 10, 2020 2:41:40 PM org.jboss.weld.bootstrap.WeldStartup &lt;clinit&gt;
INFO: WELD-000900: 3.0.3 (Final)
Mar 10, 2020 2:41:40 PM com.sun.ejb.containers.BaseContainer initializeHome
INFO: Portable JNDI names for EJB ActorDAO: [java:global/bd32738a-8901-49a7-a9d4-a928ba8fde45/ActorDAO, java:global/bd32738a-8901-49a7-a9d4-a928ba8fde45/ActorDAO!model.dao.ActorDAO]
Mar 10, 2020 2:41:40 PM com.sun.ejb.containers.BaseContainer initializeHome
INFO: Portable JNDI names for EJB MovieDAO: [java:global/bd32738a-8901-49a7-a9d4-a928ba8fde45/MovieDAO, java:global/bd32738a-8901-49a7-a9d4-a928ba8fde45/MovieDAO!model.dao.MovieDAO]
Mar 10, 2020 2:41:43 PM org.omnifaces.ApplicationInitializer logOmniFacesVersion
INFO: Using OmniFaces version 3.4
Mar 10, 2020 2:41:43 PM org.glassfish.soteria.servlet.SamRegistrationInstaller onStartup
INFO: Initializing Soteria null for context &apos;/bd32738a-8901-49a7-a9d4-a928ba8fde45&apos;
Mar 10, 2020 2:41:43 PM com.sun.enterprise.web.WebApplication start
INFO: Loading application [bd32738a-8901-49a7-a9d4-a928ba8fde45] at [/bd32738a-8901-49a7-a9d4-a928ba8fde45]
Mar 10, 2020 2:41:44 PM org.eclipse.persistence.session./file:/C:/Users/User/AppData/Local/Temp/gfembed1806539900285104835tmp/applications/bd32738a-8901-49a7-a9d4-a928ba8fde45/WEB-INF/classes/_academy
WARNING: 
Local Exception Stack: 
Exception [EclipseLink-4002] (Eclipse Persistence Services - 2.7.0.v20170811-d680af5): org.eclipse.persistence.exceptions.DatabaseException
Internal Exception: org.apache.derby.shared.common.error.DerbySQLIntegrityConstraintViolationException: The statement was aborted because it would have caused a duplicate key value in a unique or primary key constraint or unique index identified by &apos;SQL200305142732780&apos; defined on &apos;MOVIE&apos;.
Error Code: 20000
Call: INSERT INTO MOVIE (NAME, DESCRIPTION, RATING, RELEASEYEAR) VALUES (?, ?, ?, ?)
	bind =&gt; [4 parameters bound]
Query: InsertObjectQuery(Movie(name=A Handful of Dust, releaseYear=1983, rating=10, description=When the snows fall and the white winds blow, the lone wolf dies but the pack survives., actors={[]}))
	at org.eclipse.persistence.exceptions.DatabaseException.sqlException(DatabaseException.java:331)
	at org.eclipse.persistence.internal.databaseaccess.DatabaseAccessor.executeDirectNoSelect(DatabaseAccessor.java:905)
	at org.eclipse.persistence.internal.databaseaccess.DatabaseAccessor.executeNoSelect(DatabaseAccessor.java:967)
	at org.eclipse.persistence.internal.databaseaccess.DatabaseAccessor.basicExecuteCall(DatabaseAccessor.java:637)
	at org.eclipse.persistence.internal.databaseaccess.DatabaseAccessor.executeCall(DatabaseAccessor.java:564)
	at org.eclipse.persistence.internal.sessions.AbstractSession.basicExecuteCall(AbstractSession.java:2093)
	at org.eclipse.persistence.sessions.server.ClientSession.executeCall(ClientSession.java:309)
	at org.eclipse.persistence.internal.queries.DatasourceCallQueryMechanism.executeCall(DatasourceCallQueryMechanism.java:270)
	at org.eclipse.persistence.internal.queries.DatasourceCallQueryMechanism.executeCall(DatasourceCallQueryMechanism.java:256)
	at org.eclipse.persistence.internal.queries.DatasourceCallQueryMechanism.insertObject(DatasourceCallQueryMechanism.java:405)
	at org.eclipse.persistence.internal.queries.StatementQueryMechanism.insertObject(StatementQueryMechanism.java:165)
	at org.eclipse.persistence.internal.queries.StatementQueryMechanism.insertObject(StatementQueryMechanism.java:180)
	at org.eclipse.persistence.internal.queries.DatabaseQueryMechanism.insertObjectForWrite(DatabaseQueryMechanism.java:502)
	at org.eclipse.persistence.queries.InsertObjectQuery.executeCommit(InsertObjectQuery.java:80)
	at org.eclipse.persistence.queries.InsertObjectQuery.executeCommitWithChangeSet(InsertObjectQuery.java:90)
	at org.eclipse.persistence.internal.queries.DatabaseQueryMechanism.executeWriteWithChangeSet(DatabaseQueryMechanism.java:314)
	at org.eclipse.persistence.queries.WriteObjectQuery.executeDatabaseQuery(WriteObjectQuery.java:58)
	at org.eclipse.persistence.queries.DatabaseQuery.execute(DatabaseQuery.java:911)
	at org.eclipse.persistence.queries.DatabaseQuery.executeInUnitOfWork(DatabaseQuery.java:810)
	at org.eclipse.persistence.queries.ObjectLevelModifyQuery.executeInUnitOfWorkObjectLevelModifyQuery(ObjectLevelModifyQuery.java:108)
	at org.eclipse.persistence.queries.ObjectLevelModifyQuery.executeInUnitOfWork(ObjectLevelModifyQuery.java:85)
	at org.eclipse.persistence.internal.sessions.UnitOfWorkImpl.internalExecuteQuery(UnitOfWorkImpl.java:2979)
	at org.eclipse.persistence.internal.sessions.AbstractSession.executeQuery(AbstractSession.java:1892)
	at org.eclipse.persistence.internal.sessions.AbstractSession.executeQuery(AbstractSession.java:1874)
	at org.eclipse.persistence.internal.sessions.AbstractSession.executeQuery(AbstractSession.java:1824)
	at org.eclipse.persistence.internal.sessions.CommitManager.commitNewObjectsForClassWithChangeSet(CommitManager.java:227)
	at org.eclipse.persistence.internal.sessions.CommitManager.commitAllObjectsWithChangeSet(CommitManager.java:126)
	at org.eclipse.persistence.internal.sessions.AbstractSession.writeAllObjectsWithChangeSet(AbstractSession.java:4384)
	at org.eclipse.persistence.internal.sessions.UnitOfWorkImpl.commitToDatabase(UnitOfWorkImpl.java:1491)
	at org.eclipse.persistence.internal.sessions.UnitOfWorkImpl.commitToDatabaseWithChangeSet(UnitOfWorkImpl.java:1581)
	at org.eclipse.persistence.internal.sessions.UnitOfWorkImpl.issueSQLbeforeCompletion(UnitOfWorkImpl.java:3256)
	at org.eclipse.persistence.internal.sessions.RepeatableWriteUnitOfWork.issueSQLbeforeCompletion(RepeatableWriteUnitOfWork.java:355)
	at org.eclipse.persistence.transaction.AbstractSynchronizationListener.beforeCompletion(AbstractSynchronizationListener.java:158)
	at org.eclipse.persistence.transaction.JTASynchronizationListener.beforeCompletion(JTASynchronizationListener.java:68)
	at com.sun.enterprise.transaction.JavaEETransactionImpl.commit(JavaEETransactionImpl.java:452)
	at com.sun.enterprise.transaction.JavaEETransactionManagerSimplified.commit(JavaEETransactionManagerSimplified.java:878)
	at com.sun.ejb.containers.EJBContainerTransactionManager.completeNewTx(EJBContainerTransactionManager.java:721)
	at com.sun.ejb.containers.EJBContainerTransactionManager.postInvokeTx(EJBContainerTransactionManager.java:505)
	at com.sun.ejb.containers.BaseContainer.postInvokeTx(BaseContainer.java:4647)
	at com.sun.ejb.containers.BaseContainer.postInvoke(BaseContainer.java:2123)
	at com.sun.ejb.containers.BaseContainer.postInvoke(BaseContainer.java:2093)
	at com.sun.ejb.containers.EJBLocalObjectInvocationHandler.invoke(EJBLocalObjectInvocationHandler.java:220)
	at com.sun.ejb.containers.EJBLocalObjectInvocationHandlerDelegate.invoke(EJBLocalObjectInvocationHandlerDelegate.java:90)
	at com.sun.proxy.$Proxy213.create(Unknown Source)
	at model.dao.__EJB31_Generated__MovieDAO__Intf____Bean__.create(Unknown Source)
	at MovieDAOTest.init(MovieDAOTest.java:62)
	at sun.reflect.NativeMethodAccessorImpl.invoke0(Native Method)
	at sun.reflect.NativeMethodAccessorImpl.invoke(NativeMethodAccessorImpl.java:62)
	at sun.reflect.DelegatingMethodAccessorImpl.invoke(DelegatingMethodAccessorImpl.java:43)
	at java.lang.reflect.Method.invoke(Method.java:498)
	at org.junit.runners.model.FrameworkMethod$1.runReflectiveCall(FrameworkMethod.java:50)
	at org.junit.internal.runners.model.ReflectiveCallable.run(ReflectiveCallable.java:12)
	at org.junit.runners.model.FrameworkMethod.invokeExplosively(FrameworkMethod.java:47)
	at org.junit.internal.runners.statements.RunBefores.evaluate(RunBefores.java:24)
	at org.jboss.arquillian.junit.Arquillian$StatementLifecycleExecutor.invoke(Arquillian.java:404)
	at org.jboss.arquillian.container.test.impl.execution.BeforeLifecycleEventExecuter.on(BeforeLifecycleEventExecuter.java:34)
	at sun.reflect.NativeMethodAccessorImpl.invoke0(Native Method)
	at sun.reflect.NativeMethodAccessorImpl.invoke(NativeMethodAccessorImpl.java:62)
	at sun.reflect.DelegatingMethodAccessorImpl.invoke(DelegatingMethodAccessorImpl.java:43)
	at java.lang.reflect.Method.invoke(Method.java:498)
	at org.jboss.arquillian.core.impl.ObserverImpl.invoke(ObserverImpl.java:86)
	at org.jboss.arquillian.core.impl.EventContextImpl.invokeObservers(EventContextImpl.java:103)
	at org.jboss.arquillian.core.impl.EventContextImpl.proceed(EventContextImpl.java:90)
	at org.jboss.arquillian.test.impl.TestContextHandler.createTestContext(TestContextHandler.java:116)
	at sun.reflect.NativeMethodAccessorImpl.invoke0(Native Method)
	at sun.reflect.NativeMethodAccessorImpl.invoke(NativeMethodAccessorImpl.java:62)
	at sun.reflect.DelegatingMethodAccessorImpl.invoke(DelegatingMethodAccessorImpl.java:43)
	at java.lang.reflect.Method.invoke(Method.java:498)
	at org.jboss.arquillian.core.impl.ObserverImpl.invoke(ObserverImpl.java:86)
	at org.jboss.arquillian.core.impl.EventContextImpl.proceed(EventContextImpl.java:95)
	at org.jboss.arquillian.test.impl.TestContextHandler.createSuiteContext(TestContextHandler.java:69)
	at sun.reflect.NativeMethodAccessorImpl.invoke0(Native Method)
	at sun.reflect.NativeMethodAccessorImpl.invoke(NativeMethodAccessorImpl.java:62)
	at sun.reflect.DelegatingMethodAccessorImpl.invoke(DelegatingMethodAccessorImpl.java:43)
	at java.lang.reflect.Method.invoke(Method.java:498)
	at org.jboss.arquillian.core.impl.ObserverImpl.invoke(ObserverImpl.java:86)
	at org.jboss.arquillian.core.impl.EventContextImpl.proceed(EventContextImpl.java:95)
	at org.jboss.arquillian.test.impl.TestContextHandler.createClassContext(TestContextHandler.java:83)
	at sun.reflect.NativeMethodAccessorImpl.invoke0(Native Method)
[...]

Mar 10, 2020 2:41:44 PM com.sun.ejb.containers.BaseContainer postInvoke
WARNING: A system exception occurred during an invocation on EJB MovieDAO, method: public void model.dao.AbstractDAO.create(java.lang.Object)
Mar 10, 2020 2:41:44 PM com.sun.ejb.containers.BaseContainer postInvoke
WARNING: 
javax.ejb.EJBException: Transaction aborted
	at com.sun.ejb.containers.EJBContainerTransactionManager.completeNewTx(EJBContainerTransactionManager.java:727)
	at com.sun.ejb.containers.EJBContainerTransactionManager.postInvokeTx(EJBContainerTransactionManager.java:505)
	at com.sun.ejb.containers.BaseContainer.postInvokeTx(BaseContainer.java:4647)
	at com.sun.ejb.containers.BaseContainer.postInvoke(BaseContainer.java:2123)
	at com.sun.ejb.containers.BaseContainer.postInvoke(BaseContainer.java:2093)
	at com.sun.ejb.containers.EJBLocalObjectInvocationHandler.invoke(EJBLocalObjectInvocationHandler.java:220)
	at com.sun.ejb.containers.EJBLocalObjectInvocationHandlerDelegate.invoke(EJBLocalObjectInvocationHandlerDelegate.java:90)
	at com.sun.proxy.$Proxy213.create(Unknown Source)
	at model.dao.__EJB31_Generated__MovieDAO__Intf____Bean__.create(Unknown Source)
	at MovieDAOTest.init(MovieDAOTest.java:62)
	at sun.reflect.NativeMethodAccessorImpl.invoke0(Native Method)
	at sun.reflect.NativeMethodAccessorImpl.invoke(NativeMethodAccessorImpl.java:62)
	at sun.reflect.DelegatingMethodAccessorImpl.invoke(DelegatingMethodAccessorImpl.java:43)
	at java.lang.reflect.Method.invoke(Method.java:498)
	at org.junit.runners.model.FrameworkMethod$1.runReflectiveCall(FrameworkMethod.java:50)
	at org.junit.internal.runners.model.ReflectiveCallable.run(ReflectiveCallable.java:12)
	at org.junit.runners.model.FrameworkMethod.invokeExplosively(FrameworkMethod.java:47)
	at org.junit.internal.runners.statements.RunBefores.evaluate(RunBefores.java:24)
	at org.jboss.arquillian.junit.Arquillian$StatementLifecycleExecutor.invoke(Arquillian.java:404)
	at org.jboss.arquillian.container.test.impl.execution.BeforeLifecycleEventExecuter.on(BeforeLifecycleEventExecuter.java:34)
	at sun.reflect.NativeMethodAccessorImpl.invoke0(Native Method)
	at sun.reflect.NativeMethodAccessorImpl.invoke(NativeMethodAccessorImpl.java:62)
	at sun.reflect.DelegatingMethodAccessorImpl.invoke(DelegatingMethodAccessorImpl.java:43)
	at java.lang.reflect.Method.invoke(Method.java:498)
	at org.jboss.arquillian.core.impl.ObserverImpl.invoke(ObserverImpl.java:86)
	at org.jboss.arquillian.core.impl.EventContextImpl.invokeObservers(EventContextImpl.java:103)
	at org.jboss.arquillian.core.impl.EventContextImpl.proceed(EventContextImpl.java:90)
	at org.jboss.arquillian.test.impl.TestContextHandler.createTestContext(TestContextHandler.java:116)
	at sun.reflect.NativeMethodAccessorImpl.invoke0(Native Method)
	at sun.reflect.NativeMethodAccessorImpl.invoke(NativeMethodAccessorImpl.java:62)
	at sun.reflect.DelegatingMethodAccessorImpl.invoke(DelegatingMethodAccessorImpl.java:43)
	at java.lang.reflect.Method.invoke(Method.java:498)
	at org.jboss.arquillian.core.impl.ObserverImpl.invoke(ObserverImpl.java:86)
	at org.jboss.arquillian.core.impl.EventContextImpl.proceed(EventContextImpl.java:95)
	at org.jboss.arquillian.test.impl.TestContextHandler.createSuiteContext(TestContextHandler.java:69)
	at sun.reflect.NativeMethodAccessorImpl.invoke0(Native Method)
	at sun.reflect.NativeMethodAccessorImpl.invoke(NativeMethodAccessorImpl.java:62)
	at sun.reflect.DelegatingMethodAccessorImpl.invoke(DelegatingMethodAccessorImpl.java:43)
	at java.lang.reflect.Method.invoke(Method.java:498)
	at org.jboss.arquillian.core.impl.ObserverImpl.invoke(ObserverImpl.java:86)
	at org.jboss.arquillian.core.impl.EventContextImpl.proceed(EventContextImpl.java:95)
	at org.jboss.arquillian.test.impl.TestContextHandler.createClassContext(TestContextHandler.java:83)
	at sun.reflect.NativeMethodAccessorImpl.invoke0(Native Method)
	at sun.reflect.NativeMethodAccessorImpl.invoke(NativeMethodAccessorImpl.java:62)
	at sun.reflect.DelegatingMethodAccessorImpl.invoke(DelegatingMethodAccessorImpl.java:43)
	at java.lang.reflect.Method.invoke(Method.java:498)
	at org.jboss.arquillian.core.impl.ObserverImpl.invoke(ObserverImpl.java:86)
	at org.jboss.arquillian.core.impl.EventContextImpl.proceed(EventContextImpl.java:95)
	at org.jboss.arquillian.core.impl.ManagerImpl.fire(ManagerImpl.java:133)
	at org.jboss.arquillian.core.impl.ManagerImpl.fire(ManagerImpl.java:105)
	at org.jboss.arquillian.test.impl.EventTestRunnerAdaptor.before(EventTestRunnerAdaptor.java:98)
	at org.jboss.arquillian.junit.Arquillian$4.evaluate(Arquillian.java:208)
	at org.jboss.arquillian.junit.Arquillian.multiExecute(Arquillian.java:376)
	at org.jboss.arquillian.junit.Arquillian.access$200(Arquillian.java:54)
	at org.jboss.arquillian.junit.Arquillian$5.evaluate(Arquillian.java:223)
	at org.jboss.arquillian.junit.Arquillian$7$1.invoke(Arquillian.java:287)
	at org.jboss.arquillian.container.test.impl.execution.BeforeLifecycleEventExecuter.on(BeforeLifecycleEventExecuter.java:34)
	at sun.reflect.NativeMethodAccessorImpl.invoke0(Native Method)
	at sun.reflect.NativeMethodAccessorImpl.invoke(NativeMethodAccessorImpl.java:62)
	at sun.reflect.DelegatingMethodAccessorImpl.invoke(DelegatingMethodAccessorImpl.java:43)
	at java.lang.reflect.Method.invoke(Method.java:498)
	at org.jboss.arquillian.core.impl.ObserverImpl.invoke(ObserverImpl.java:86)
	at org.jboss.arquillian.core.impl.EventContextImpl.invokeObservers(EventContextImpl.java:103)
	at org.jboss.arquillian.core.impl.EventContextImpl.proceed(EventContextImpl.java:90)
	at org.jboss.arquillian.test.impl.TestContextHandler.createTestContext(TestContextHandler.java:116)
	at sun.reflect.NativeMethodAccessorImpl.invoke0(Native Method)
	at sun.reflect.NativeMethodAccessorImpl.invoke(NativeMethodAccessorImpl.java:62)
	at sun.reflect.DelegatingMethodAccessorImpl.invoke(DelegatingMethodAccessorImpl.java:43)
	at java.lang.reflect.Method.invoke(Method.java:498)
	at org.jboss.arquillian.core.impl.ObserverImpl.invoke(ObserverImpl.java:86)
	at org.jboss.arquillian.core.impl.EventContextImpl.proceed(EventContextImpl.java:95)
	at org.jboss.arquillian.test.impl.TestContextHandler.createSuiteContext(TestContextHandler.java:69)
	at sun.reflect.NativeMethodAccessorImpl.invoke0(Native Method)
	at sun.reflect.NativeMethodAccessorImpl.invoke(NativeMethodAccessorImpl.java:62)
	at sun.reflect.DelegatingMethodAccessorImpl.invoke(DelegatingMethodAccessorImpl.java:43)
	at java.lang.reflect.Method.invoke(Method.java:498)
	at org.jboss.arquillian.core.impl.ObserverImpl.invoke(ObserverImpl.java:86)
	at org.jboss.arquillian.core.impl.EventContextImpl.proceed(EventContextImpl.java:95)
	at org.jboss.arquillian.test.impl.TestContextHandler.createClassContext(TestContextHandler.java:83)
	at sun.reflect.NativeMethodAccessorImpl.invoke0(Native Method)
	at sun.reflect.NativeMethodAccessorImpl.invoke(NativeMethodAccessorImpl.java:62)
	at sun.reflect.DelegatingMethodAccessorImpl.invoke(DelegatingMethodAccessorImpl.java:43)
	at java.lang.reflect.Method.invoke(Method.java:498)
	at org.jboss.arquillian.core.impl.ObserverImpl.invoke(ObserverImpl.java:86)
	at org.jboss.arquillian.core.impl.EventContextImpl.proceed(EventContextImpl.java:95)
	at org.jboss.arquillian.core.impl.ManagerImpl.fire(ManagerImpl.java:133)
	at org.jboss.arquillian.core.impl.ManagerImpl.fire(ManagerImpl.java:105)
	at org.jboss.arquillian.test.impl.EventTestRunnerAdaptor.fireCustomLifecycle(EventTestRunnerAdaptor.java:142)
	at org.jboss.arquillian.junit.Arquillian$7.evaluate(Arquillian.java:281)
	at org.junit.runners.ParentRunner.runLeaf(ParentRunner.java:325)
	at org.junit.runners.BlockJUnit4ClassRunner.runChild(BlockJUnit4ClassRunner.java:78)
	at org.junit.runners.BlockJUnit4ClassRunner.runChild(BlockJUnit4ClassRunner.java:57)
	at org.junit.runners.ParentRunner$3.run(ParentRunner.java:290)
	at org.junit.runners.ParentRunner$1.schedule(ParentRunner.java:71)
	at org.junit.runners.ParentRunner.runChildren(ParentRunner.java:288)
	at org.junit.runners.ParentRunner.access$000(ParentRunner.java:58)
	at org.junit.runners.ParentRunner$2.evaluate(ParentRunner.java:268)
	at org.jboss.arquillian.junit.Arquillian$2.evaluate(Arquillian.java:174)
	at org.jboss.arquillian.junit.Arquillian.multiExecute(Arquillian.java:376)
	at org.jboss.arquillian.junit.Arquillian.access$200(Arquillian.java:54)
	at org.jboss.arquillian.junit.Arquillian$3.evaluate(Arquillian.java:185)
	at org.junit.runners.ParentRunner.run(ParentRunner.java:363)
	at org.jboss.arquillian.junit.Arquillian.run(Arquillian.java:140)
	at org.junit.runner.JUnitCore.run(JUnitCore.java:137)
	at org.junit.runner.JUnitCore.run(JUnitCore.java:115)
	at org.jboss.arquillian.junit.container.JUnitTestRunner.execute(JUnitTestRunner.java:61)
	at org.jboss.arquillian.protocol.servlet.runner.ServletTestRunner.executeTest(ServletTestRunner.java:139)
	at org.jboss.arquillian.protocol.servlet.runner.ServletTestRunner.execute(ServletTestRunner.java:117)
	at org.jboss.arquillian.protocol.servlet.runner.ServletTestRunner.doGet(ServletTestRunner.java:86)
	at javax.servlet.http.HttpServlet.service(HttpServlet.java:686)
	at javax.servlet.http.HttpServlet.service(HttpServlet.java:791)
	at org.apache.catalina.core.StandardWrapper.service(StandardWrapper.java:1622)
	at org.apache.catalina.core.StandardWrapperValve.invoke(StandardWrapperValve.java:258)
	at org.apache.catalina.core.StandardContextValve.invoke(StandardContextValve.java:160)
	at org.apache.catalina.core.StandardPipeline.doInvoke(StandardPipeline.java:654)
	at org.apache.catalina.core.StandardPipeline.invoke(StandardPipeline.java:593)
	at com.sun.enterprise.web.WebPipeline.invoke(WebPipeline.java:99)
	at org.apache.catalina.core.StandardHostValve.invoke(StandardHostValve.java:159)
	at org.apache.catalina.connector.CoyoteAdapter.doService(CoyoteAdapter.java:371)
	at org.apache.catalina.connector.CoyoteAdapter.service(CoyoteAdapter.java:238)
	at com.sun.enterprise.v3.services.impl.ContainerMapper$HttpHandlerCallable.call(ContainerMapper.java:516)
	at com.sun.enterprise.v3.services.impl.ContainerMapper.service(ContainerMapper.java:213)
	at org.glassfish.grizzly.http.server.HttpHandler.runService(HttpHandler.java:206)
	at org.glassfish.grizzly.http.server.HttpHandler.doHandle(HttpHandler.java:180)
	at org.glassfish.grizzly.http.server.HttpServerFilter.handleRead(HttpServerFilter.java:242)
	at org.glassfish.grizzly.filterchain.ExecutorResolver$9.execute(ExecutorResolver.java:119)
	at org.glassfish.grizzly.filterchain.DefaultFilterChain.executeFilter(DefaultFilterChain.java:284)
	at org.glassfish.grizzly.filterchain.DefaultFilterChain.executeChainPart(DefaultFilterChain.java:201)
	at org.glassfish.grizzly.filterchain.DefaultFilterChain.execute(DefaultFilterChain.java:133)
	at org.glassfish.grizzly.filterchain.DefaultFilterChain.process(DefaultFilterChain.java:112)
	at org.glassfish.grizzly.ProcessorExecutor.execute(ProcessorExecutor.java:77)
	at org.glassfish.grizzly.nio.transport.TCPNIOTransport.fireIOEvent(TCPNIOTransport.java:539)
	at org.glassfish.grizzly.strategies.AbstractIOStrategy.fireIOEvent(AbstractIOStrategy.java:112)
	at org.glassfish.grizzly.strategies.WorkerThreadIOStrategy.run0(WorkerThreadIOStrategy.java:117)
	at org.glassfish.grizzly.strategies.WorkerThreadIOStrategy.access$100(WorkerThreadIOStrategy.java:56)
	at org.glassfish.grizzly.strategies.WorkerThreadIOStrategy$WorkerThreadRunnable.run(WorkerThreadIOStrategy.java:137)
	at org.glassfish.grizzly.threadpool.AbstractThreadPool$Worker.doWork(AbstractThreadPool.java:593)
	at org.glassfish.grizzly.threadpool.AbstractThreadPool$Worker.run(AbstractThreadPool.java:573)
	at java.lang.Thread.run(Thread.java:748)
Caused by: javax.transaction.RollbackException: Transaction marked for rollback.
	at com.sun.enterprise.transaction.JavaEETransactionImpl.commit(JavaEETransactionImpl.java:490)
	at com.sun.enterprise.transaction.JavaEETransactionManagerSimplified.commit(JavaEETransactionManagerSimplified.java:878)
	at com.sun.ejb.containers.EJBContainerTransactionManager.completeNewTx(EJBContainerTransactionManager.java:721)
	... 138 more
Caused by: javax.persistence.PersistenceException: Exception [EclipseLink-4002] (Eclipse Persistence Services - 2.7.0.v20170811-d680af5): org.eclipse.persistence.exceptions.DatabaseException
Internal Exception: org.apache.derby.shared.common.error.DerbySQLIntegrityConstraintViolationException: The statement was aborted because it would have caused a duplicate key value in a unique or primary key constraint or unique index identified by &apos;SQL200305142732780&apos; defined on &apos;MOVIE&apos;.
Error Code: 20000
Call: INSERT INTO MOVIE (NAME, DESCRIPTION, RATING, RELEASEYEAR) VALUES (?, ?, ?, ?)
	bind =&gt; [4 parameters bound]
Query: InsertObjectQuery(Movie(name=A Handful of Dust, releaseYear=1983, rating=10, description=When the snows fall and the white winds blow, the lone wolf dies but the pack survives., actors={[]}))
	at org.eclipse.persistence.internal.jpa.EntityManagerSetupImpl$1.handleException(EntityManagerSetupImpl.java:772)
	at org.eclipse.persistence.transaction.AbstractSynchronizationListener.handleException(AbstractSynchronizationListener.java:275)
	at org.eclipse.persistence.transaction.AbstractSynchronizationListener.beforeCompletion(AbstractSynchronizationListener.java:170)
	at org.eclipse.persistence.transaction.JTASynchronizationListener.beforeCompletion(JTASynchronizationListener.java:68)
	at com.sun.enterprise.transaction.JavaEETransactionImpl.commit(JavaEETransactionImpl.java:452)
	... 140 more
Caused by: Exception [EclipseLink-4002] (Eclipse Persistence Services - 2.7.0.v20170811-d680af5): org.eclipse.persistence.exceptions.DatabaseException
Internal Exception: org.apache.derby.shared.common.error.DerbySQLIntegrityConstraintViolationException: The statement was aborted because it would have caused a duplicate key value in a unique or primary key constraint or unique index identified by &apos;SQL200305142732780&apos; defined on &apos;MOVIE&apos;.
Error Code: 20000
Call: INSERT INTO MOVIE (NAME, DESCRIPTION, RATING, RELEASEYEAR) VALUES (?, ?, ?, ?)
	bind =&gt; [4 parameters bound]
Query: InsertObjectQuery(Movie(name=A Handful of Dust, releaseYear=1983, rating=10, description=When the snows fall and the white winds blow, the lone wolf dies but the pack survives., actors={[]}))
	at org.eclipse.persistence.exceptions.DatabaseException.sqlException(DatabaseException.java:331)
	at org.eclipse.persistence.internal.databaseaccess.DatabaseAccessor.executeDirectNoSelect(DatabaseAccessor.java:905)
	at org.eclipse.persistence.internal.databaseaccess.DatabaseAccessor.executeNoSelect(DatabaseAccessor.java:967)
	at org.eclipse.persistence.internal.databaseaccess.DatabaseAccessor.basicExecuteCall(DatabaseAccessor.java:637)
	at org.eclipse.persistence.internal.databaseaccess.DatabaseAccessor.executeCall(DatabaseAccessor.java:564)
	at org.eclipse.persistence.internal.sessions.AbstractSession.basicExecuteCall(AbstractSession.java:2093)
	at org.eclipse.persistence.sessions.server.ClientSession.executeCall(ClientSession.java:309)
	at org.eclipse.persistence.internal.queries.DatasourceCallQueryMechanism.executeCall(DatasourceCallQueryMechanism.java:270)
	at org.eclipse.persistence.internal.queries.DatasourceCallQueryMechanism.executeCall(DatasourceCallQueryMechanism.java:256)
	at org.eclipse.persistence.internal.queries.DatasourceCallQueryMechanism.insertObject(DatasourceCallQueryMechanism.java:405)
	at org.eclipse.persistence.internal.queries.StatementQueryMechanism.insertObject(StatementQueryMechanism.java:165)
	at org.eclipse.persistence.internal.queries.StatementQueryMechanism.insertObject(StatementQueryMechanism.java:180)
	at org.eclipse.persistence.internal.queries.DatabaseQueryMechanism.insertObjectForWrite(DatabaseQueryMechanism.java:502)
	at org.eclipse.persistence.queries.InsertObjectQuery.executeCommit(InsertObjectQuery.java:80)
	at org.eclipse.persistence.queries.InsertObjectQuery.executeCommitWithChangeSet(InsertObjectQuery.java:90)
	at org.eclipse.persistence.internal.queries.DatabaseQueryMechanism.executeWriteWithChangeSet(DatabaseQueryMechanism.java:314)
	at org.eclipse.persistence.queries.WriteObjectQuery.executeDatabaseQuery(WriteObjectQuery.java:58)
	at org.eclipse.persistence.queries.DatabaseQuery.execute(DatabaseQuery.java:911)
	at org.eclipse.persistence.queries.DatabaseQuery.executeInUnitOfWork(DatabaseQuery.java:810)
	at org.eclipse.persistence.queries.ObjectLevelModifyQuery.executeInUnitOfWorkObjectLevelModifyQuery(ObjectLevelModifyQuery.java:108)
	at org.eclipse.persistence.queries.ObjectLevelModifyQuery.executeInUnitOfWork(ObjectLevelModifyQuery.java:85)
	at org.eclipse.persistence.internal.sessions.UnitOfWorkImpl.internalExecuteQuery(UnitOfWorkImpl.java:2979)
	at org.eclipse.persistence.internal.sessions.AbstractSession.executeQuery(AbstractSession.java:1892)
	at org.eclipse.persistence.internal.sessions.AbstractSession.executeQuery(AbstractSession.java:1874)
	at org.eclipse.persistence.internal.sessions.AbstractSession.executeQuery(AbstractSession.java:1824)
	at org.eclipse.persistence.internal.sessions.CommitManager.commitNewObjectsForClassWithChangeSet(CommitManager.java:227)
	at org.eclipse.persistence.internal.sessions.CommitManager.commitAllObjectsWithChangeSet(CommitManager.java:126)
	at org.eclipse.persistence.internal.sessions.AbstractSession.writeAllObjectsWithChangeSet(AbstractSession.java:4384)
	at org.eclipse.persistence.internal.sessions.UnitOfWorkImpl.commitToDatabase(UnitOfWorkImpl.java:1491)
	at org.eclipse.persistence.internal.sessions.UnitOfWorkImpl.commitToDatabaseWithChangeSet(UnitOfWorkImpl.java:1581)
	at org.eclipse.persistence.internal.sessions.UnitOfWorkImpl.issueSQLbeforeCompletion(UnitOfWorkImpl.java:3256)
	at org.eclipse.persistence.internal.sessions.RepeatableWriteUnitOfWork.issueSQLbeforeCompletion(RepeatableWriteUnitOfWork.java:355)
	at org.eclipse.persistence.transaction.AbstractSynchronizationListener.beforeCompletion(AbstractSynchronizationListener.java:158)
	... 142 more
Caused by: org.apache.derby.shared.common.error.DerbySQLIntegrityConstraintViolationException: The statement was aborted because it would have caused a duplicate key value in a unique or primary key constraint or unique index identified by &apos;SQL200305142732780&apos; defined on &apos;MOVIE&apos;.
	at org.apache.derby.client.am.SQLExceptionFactory.getSQLException(Unknown Source)
	at org.apache.derby.client.am.SqlException.getSQLException(Unknown Source)
	at org.apache.derby.client.am.ClientPreparedStatement.executeUpdate(Unknown Source)
	at com.sun.gjc.spi.base.PreparedStatementWrapper.executeUpdate(PreparedStatementWrapper.java:125)
	at org.eclipse.persistence.internal.databaseaccess.DatabaseAccessor.executeDirectNoSelect(DatabaseAccessor.java:895)
	... 173 more
Caused by: ERROR 23505: The statement was aborted because it would have caused a duplicate key value in a unique or primary key constraint or unique index identified by &apos;SQL200305142732780&apos; defined on &apos;MOVIE&apos;.
	at org.apache.derby.client.am.ClientStatement.completeExecute(Unknown Source)
	at org.apache.derby.client.net.NetStatementReply.parseEXCSQLSTTreply(Unknown Source)
	at org.apache.derby.client.net.NetStatementReply.readExecute(Unknown Source)
	at org.apache.derby.client.net.StatementReply.readExecute(Unknown Source)
	at org.apache.derby.client.net.NetPreparedStatement.readExecute_(Unknown Source)
	at org.apache.derby.client.am.ClientPreparedStatement.readExecute(Unknown Source)
	at org.apache.derby.client.am.ClientPreparedStatement.flowExecute(Unknown Source)
	at org.apache.derby.client.am.ClientPreparedStatement.executeUpdateX(Unknown Source)
	... 176 more

</system-err>
  </testcase>
</testsuite>