<?xml version="1.0" encoding="UTF-8" ?>
<testsuite tests="1" failures="0" name="ParkingLotDAOTest" time="0.167" errors="1" skipped="0">
  <properties>
[...]
</properties>
  <testcase classname="ParkingLotDAOTest" name="checkAvailableSpaces" time="0.167">
    <error type="java.lang.StackOverflowError">java.lang.StackOverflowError
	at java.util.AbstractCollection.toString(AbstractCollection.java:454)
	at java.lang.String.valueOf(String.java:2994)
	at java.lang.StringBuilder.append(StringBuilder.java:131)
	at model.entity.ParkingLot.toString(ParkingLot.java:16)
	at java.lang.String.valueOf(String.java:2994)
	at java.lang.StringBuilder.append(StringBuilder.java:131)
	at model.entity.Car.toString(Car.java:16)
	at java.lang.String.valueOf(String.java:2994)
	at java.lang.StringBuilder.append(StringBuilder.java:131)
	at java.util.AbstractCollection.toString(AbstractCollection.java:462)
	at java.lang.String.valueOf(String.java:2994)
	at java.lang.StringBuilder.append(StringBuilder.java:131)
	at model.entity.ParkingLot.toString(ParkingLot.java:16)
	at java.lang.String.valueOf(String.java:2994)
	at java.lang.StringBuilder.append(StringBuilder.java:131)
	at model.entity.Car.toString(Car.java:16)
	at java.lang.String.valueOf(String.java:2994)
	at java.lang.StringBuilder.append(StringBuilder.java:131)
	at java.util.AbstractCollection.toString(AbstractCollection.java:462)
	at java.lang.String.valueOf(String.java:2994)
	at java.lang.StringBuilder.append(StringBuilder.java:131)
	at model.entity.ParkingLot.toString(ParkingLot.java:16)
	at java.lang.String.valueOf(String.java:2994)
	at java.lang.StringBuilder.append(StringBuilder.java:131)
	at model.entity.Car.toString(Car.java:16)
	at java.lang.String.valueOf(String.java:2994)
	at java.lang.StringBuilder.append(StringBuilder.java:131)
	at java.util.AbstractCollection.toString(AbstractCollection.java:462)
	at java.lang.String.valueOf(String.java:2994)
	at java.lang.StringBuilder.append(StringBuilder.java:131)
	at model.entity.ParkingLot.toString(ParkingLot.java:16)
	at java.lang.String.valueOf(String.java:2994)
	at java.lang.StringBuilder.append(StringBuilder.java:131)
	at model.entity.Car.toString(Car.java:16)
	at java.lang.String.valueOf(String.java:2994)
	at java.lang.StringBuilder.append(StringBuilder.java:131)
	at java.util.AbstractCollection.toString(AbstractCollection.java:462)
	at java.lang.String.valueOf(String.java:2994)
	at java.lang.StringBuilder.append(StringBuilder.java:131)
	at model.entity.ParkingLot.toString(ParkingLot.java:16)
	at java.lang.String.valueOf(String.java:2994)
	at java.lang.StringBuilder.append(StringBuilder.java:131)
	at model.entity.Car.toString(Car.java:16)
	at java.lang.String.valueOf(String.java:2994)
	at java.lang.StringBuilder.append(StringBuilder.java:131)
	at java.util.AbstractCollection.toString(AbstractCollection.java:462)
	at java.lang.String.valueOf(String.java:2994)
	at java.lang.StringBuilder.append(StringBuilder.java:131)
	at model.entity.ParkingLot.toString(ParkingLot.java:16)
	at java.lang.String.valueOf(String.java:2994)
	at java.lang.StringBuilder.append(StringBuilder.java:131)
	at model.entity.Car.toString(Car.java:16)
	at java.lang.String.valueOf(String.java:2994)
	at java.lang.StringBuilder.append(StringBuilder.java:131)
	at java.util.AbstractCollection.toString(AbstractCollection.java:462)
	at java.lang.String.valueOf(String.java:2994)
	at java.lang.StringBuilder.append(StringBuilder.java:131)
	at model.entity.ParkingLot.toString(ParkingLot.java:16)
	at java.lang.String.valueOf(String.java:2994)
	at java.lang.StringBuilder.append(StringBuilder.java:131)
	at model.entity.Car.toString(Car.java:16)
	at java.lang.String.valueOf(String.java:2994)
	at java.lang.StringBuilder.append(StringBuilder.java:131)
	at java.util.AbstractCollection.toString(AbstractCollection.java:462)
	at java.lang.String.valueOf(String.java:2994)
	at java.lang.StringBuilder.append(StringBuilder.java:131)
	at model.entity.ParkingLot.toString(ParkingLot.java:16)
	at java.lang.String.valueOf(String.java:2994)
	at java.lang.StringBuilder.append(StringBuilder.java:131)
	at model.entity.Car.toString(Car.java:16)
	at java.lang.String.valueOf(String.java:2994)
	at java.lang.StringBuilder.append(StringBuilder.java:131)
	at java.util.AbstractCollection.toString(AbstractCollection.java:462)
	at java.lang.String.valueOf(String.java:2994)
	at java.lang.StringBuilder.append(StringBuilder.java:131)
	at model.entity.ParkingLot.toString(ParkingLot.java:16)
	at java.lang.String.valueOf(String.java:2994)
	at java.lang.StringBuilder.append(StringBuilder.java:131)
	at model.entity.Car.toString(Car.java:16)
	at java.lang.String.valueOf(String.java:2994)
	at java.lang.StringBuilder.append(StringBuilder.java:131)
	at java.util.AbstractCollection.toString(AbstractCollection.java:462)
	at java.lang.String.valueOf(String.java:2994)
	at java.lang.StringBuilder.append(StringBuilder.java:131)
	at model.entity.ParkingLot.toString(ParkingLot.java:16)
	at java.lang.String.valueOf(String.java:2994)
	at java.lang.StringBuilder.append(StringBuilder.java:131)
	at model.entity.Car.toString(Car.java:16)
	at java.lang.String.valueOf(String.java:2994)
	at java.lang.StringBuilder.append(StringBuilder.java:131)
	at java.util.AbstractCollection.toString(AbstractCollection.java:462)
	at java.lang.String.valueOf(String.java:2994)
	at java.lang.StringBuilder.append(StringBuilder.java:131)
	at model.entity.ParkingLot.toString(ParkingLot.java:16)
	at java.lang.String.valueOf(String.java:2994)
	at java.lang.StringBuilder.append(StringBuilder.java:131)
	at model.entity.Car.toString(Car.java:16)
	at java.lang.String.valueOf(String.java:2994)
	at java.lang.StringBuilder.append(StringBuilder.java:131)
	at java.util.AbstractCollection.toString(AbstractCollection.java:462)
	at java.lang.String.valueOf(String.java:2994)
	at java.lang.StringBuilder.append(StringBuilder.java:131)
	at model.entity.ParkingLot.toString(ParkingLot.java:16)
	at java.lang.String.valueOf(String.java:2994)
	at java.lang.StringBuilder.append(StringBuilder.java:131)
	at model.entity.Car.toString(Car.java:16)
	at java.lang.String.valueOf(String.java:2994)
	at java.lang.StringBuilder.append(StringBuilder.java:131)
	at java.util.AbstractCollection.toString(AbstractCollection.java:462)
	at java.lang.String.valueOf(String.java:2994)
	at java.lang.StringBuilder.append(StringBuilder.java:131)
	at model.entity.ParkingLot.toString(ParkingLot.java:16)
	at java.lang.String.valueOf(String.java:2994)
	at java.lang.StringBuilder.append(StringBuilder.java:131)
	at model.entity.Car.toString(Car.java:16)
	at java.lang.String.valueOf(String.java:2994)
	at java.lang.StringBuilder.append(StringBuilder.java:131)
	at java.util.AbstractCollection.toString(AbstractCollection.java:462)
	at java.lang.String.valueOf(String.java:2994)
	at java.lang.StringBuilder.append(StringBuilder.java:131)
	at model.entity.ParkingLot.toString(ParkingLot.java:16)
	at java.lang.String.valueOf(String.java:2994)
	at java.lang.StringBuilder.append(StringBuilder.java:131)
	at model.entity.Car.toString(Car.java:16)
	at java.lang.String.valueOf(String.java:2994)
	at java.lang.StringBuilder.append(StringBuilder.java:131)
	at java.util.AbstractCollection.toString(AbstractCollection.java:462)
	at java.lang.String.valueOf(String.java:2994)
	at java.lang.StringBuilder.append(StringBuilder.java:131)
	at model.entity.ParkingLot.toString(ParkingLot.java:16)
	at java.lang.String.valueOf(String.java:2994)
	at java.lang.StringBuilder.append(StringBuilder.java:131)
	at model.entity.Car.toString(Car.java:16)
	at java.lang.String.valueOf(String.java:2994)
	at java.lang.StringBuilder.append(StringBuilder.java:131)
	at java.util.AbstractCollection.toString(AbstractCollection.java:462)
	at java.lang.String.valueOf(String.java:2994)
	at java.lang.StringBuilder.append(StringBuilder.java:131)
	at model.entity.ParkingLot.toString(ParkingLot.java:16)
	at java.lang.String.valueOf(String.java:2994)
	at java.lang.StringBuilder.append(StringBuilder.java:131)
	at model.entity.Car.toString(Car.java:16)
	at java.lang.String.valueOf(String.java:2994)
	at java.lang.StringBuilder.append(StringBuilder.java:131)
	at java.util.AbstractCollection.toString(AbstractCollection.java:462)
	at java.lang.String.valueOf(String.java:2994)
	at java.lang.StringBuilder.append(StringBuilder.java:131)
	at model.entity.ParkingLot.toString(ParkingLot.java:16)
	at java.lang.String.valueOf(String.java:2994)
	at java.lang.StringBuilder.append(StringBuilder.java:131)
	at model.entity.Car.toString(Car.java:16)
	at java.lang.String.valueOf(String.java:2994)
	at java.lang.StringBuilder.append(StringBuilder.java:131)
	at java.util.AbstractCollection.toString(AbstractCollection.java:462)
	at java.lang.String.valueOf(String.java:2994)
	at java.lang.StringBuilder.append(StringBuilder.java:131)
	at model.entity.ParkingLot.toString(ParkingLot.java:16)
	at java.lang.String.valueOf(String.java:2994)
	at java.lang.StringBuilder.append(StringBuilder.java:131)
	at model.entity.Car.toString(Car.java:16)
	at java.lang.String.valueOf(String.java:2994)
	at java.lang.StringBuilder.append(StringBuilder.java:131)
	at java.util.AbstractCollection.toString(AbstractCollection.java:462)
	at java.lang.String.valueOf(String.java:2994)
	at java.lang.StringBuilder.append(StringBuilder.java:131)
	at model.entity.ParkingLot.toString(ParkingLot.java:16)
	at java.lang.String.valueOf(String.java:2994)
	at java.lang.StringBuilder.append(StringBuilder.java:131)
	at model.entity.Car.toString(Car.java:16)
	at java.lang.String.valueOf(String.java:2994)
	at java.lang.StringBuilder.append(StringBuilder.java:131)
	at java.util.AbstractCollection.toString(AbstractCollection.java:462)
	at java.lang.String.valueOf(String.java:2994)
	at java.lang.StringBuilder.append(StringBuilder.java:131)
	at model.entity.ParkingLot.toString(ParkingLot.java:16)
	at java.lang.String.valueOf(String.java:2994)
	at java.lang.StringBuilder.append(StringBuilder.java:131)
	at model.entity.Car.toString(Car.java:16)
	at java.lang.String.valueOf(String.java:2994)
	at java.lang.StringBuilder.append(StringBuilder.java:131)
	at java.util.AbstractCollection.toString(AbstractCollection.java:462)
	at java.lang.String.valueOf(String.java:2994)
	at java.lang.StringBuilder.append(StringBuilder.java:131)
	at model.entity.ParkingLot.toString(ParkingLot.java:16)
	at java.lang.String.valueOf(String.java:2994)
	at java.lang.StringBuilder.append(StringBuilder.java:131)
	at model.entity.Car.toString(Car.java:16)
	at java.lang.String.valueOf(String.java:2994)
	at java.lang.StringBuilder.append(StringBuilder.java:131)
	at java.util.AbstractCollection.toString(AbstractCollection.java:462)
	at java.lang.String.valueOf(String.java:2994)
	at java.lang.StringBuilder.append(StringBuilder.java:131)
	at model.entity.ParkingLot.toString(ParkingLot.java:16)
	at java.lang.String.valueOf(String.java:2994)
	at java.lang.StringBuilder.append(StringBuilder.java:131)
	at model.entity.Car.toString(Car.java:16)
	at java.lang.String.valueOf(String.java:2994)
	at java.lang.StringBuilder.append(StringBuilder.java:131)
	at java.util.AbstractCollection.toString(AbstractCollection.java:462)
	at java.lang.String.valueOf(String.java:2994)
	at java.lang.StringBuilder.append(StringBuilder.java:131)
	at model.entity.ParkingLot.toString(ParkingLot.java:16)
	at java.lang.String.valueOf(String.java:2994)
	at java.lang.StringBuilder.append(StringBuilder.java:131)
	at model.entity.Car.toString(Car.java:16)
	at java.lang.String.valueOf(String.java:2994)
	at java.lang.StringBuilder.append(StringBuilder.java:131)
	at java.util.AbstractCollection.toString(AbstractCollection.java:462)
	at java.lang.String.valueOf(String.java:2994)
	at java.lang.StringBuilder.append(StringBuilder.java:131)
	at model.entity.ParkingLot.toString(ParkingLot.java:16)
	at java.lang.String.valueOf(String.java:2994)
	at java.lang.StringBuilder.append(StringBuilder.java:131)
	at model.entity.Car.toString(Car.java:16)
	at java.lang.String.valueOf(String.java:2994)
	at java.lang.StringBuilder.append(StringBuilder.java:131)
	at java.util.AbstractCollection.toString(AbstractCollection.java:462)
	at java.lang.String.valueOf(String.java:2994)
	at java.lang.StringBuilder.append(StringBuilder.java:131)
	at model.entity.ParkingLot.toString(ParkingLot.java:16)
	at java.lang.String.valueOf(String.java:2994)
	at java.lang.StringBuilder.append(StringBuilder.java:131)
	at model.entity.Car.toString(Car.java:16)
	at java.lang.String.valueOf(String.java:2994)
	at java.lang.StringBuilder.append(StringBuilder.java:131)
	at java.util.AbstractCollection.toString(AbstractCollection.java:462)
	at java.lang.String.valueOf(String.java:2994)
	at java.lang.StringBuilder.append(StringBuilder.java:131)
	at model.entity.ParkingLot.toString(ParkingLot.java:16)
	at java.lang.String.valueOf(String.java:2994)
	at java.lang.StringBuilder.append(StringBuilder.java:131)
	at model.entity.Car.toString(Car.java:16)
	at java.lang.String.valueOf(String.java:2994)
	at java.lang.StringBuilder.append(StringBuilder.java:131)
	at java.util.AbstractCollection.toString(AbstractCollection.java:462)
	at java.lang.String.valueOf(String.java:2994)
	at java.lang.StringBuilder.append(StringBuilder.java:131)
	at model.entity.ParkingLot.toString(ParkingLot.java:16)
	at java.lang.String.valueOf(String.java:2994)
	at java.lang.StringBuilder.append(StringBuilder.java:131)
	at model.entity.Car.toString(Car.java:16)
	at java.lang.String.valueOf(String.java:2994)
	at java.lang.StringBuilder.append(StringBuilder.java:131)
	at java.util.AbstractCollection.toString(AbstractCollection.java:462)
	at java.lang.String.valueOf(String.java:2994)
	at java.lang.StringBuilder.append(StringBuilder.java:131)
	at model.entity.ParkingLot.toString(ParkingLot.java:16)
	at java.lang.String.valueOf(String.java:2994)
	at java.lang.StringBuilder.append(StringBuilder.java:131)
	at model.entity.Car.toString(Car.java:16)
	at java.lang.String.valueOf(String.java:2994)
	at java.lang.StringBuilder.append(StringBuilder.java:131)
	at java.util.AbstractCollection.toString(AbstractCollection.java:462)
	at java.lang.String.valueOf(String.java:2994)
	at java.lang.StringBuilder.append(StringBuilder.java:131)
	at model.entity.ParkingLot.toString(ParkingLot.java:16)
	at java.lang.String.valueOf(String.java:2994)
	at java.lang.StringBuilder.append(StringBuilder.java:131)
	at model.entity.Car.toString(Car.java:16)
	at java.lang.String.valueOf(String.java:2994)
	at java.lang.StringBuilder.append(StringBuilder.java:131)
	at java.util.AbstractCollection.toString(AbstractCollection.java:462)
	at java.lang.String.valueOf(String.java:2994)
	at java.lang.StringBuilder.append(StringBuilder.java:131)
	at model.entity.ParkingLot.toString(ParkingLot.java:16)
	at java.lang.String.valueOf(String.java:2994)
	at java.lang.StringBuilder.append(StringBuilder.java:131)
	at model.entity.Car.toString(Car.java:16)
	at java.lang.String.valueOf(String.java:2994)
	at java.lang.StringBuilder.append(StringBuilder.java:131)
	at java.util.AbstractCollection.toString(AbstractCollection.java:462)
	at java.lang.String.valueOf(String.java:2994)
	at java.lang.StringBuilder.append(StringBuilder.java:131)
	at model.entity.ParkingLot.toString(ParkingLot.java:16)
	at java.lang.String.valueOf(String.java:2994)
	at java.lang.StringBuilder.append(StringBuilder.java:131)
	at model.entity.Car.toString(Car.java:16)
	at java.lang.String.valueOf(String.java:2994)
	at java.lang.StringBuilder.append(StringBuilder.java:131)
	at java.util.AbstractCollection.toString(AbstractCollection.java:462)
	at java.lang.String.valueOf(String.java:2994)
	at java.lang.StringBuilder.append(StringBuilder.java:131)
	at model.entity.ParkingLot.toString(ParkingLot.java:16)
	at java.lang.String.valueOf(String.java:2994)
	at java.lang.StringBuilder.append(StringBuilder.java:131)
	at model.entity.Car.toString(Car.java:16)
	at java.lang.String.valueOf(String.java:2994)
	at java.lang.StringBuilder.append(StringBuilder.java:131)
	at java.util.AbstractCollection.toString(AbstractCollection.java:462)
	at java.lang.String.valueOf(String.java:2994)
	at java.lang.StringBuilder.append(StringBuilder.java:131)
	at model.entity.ParkingLot.toString(ParkingLot.java:16)
	at java.lang.String.valueOf(String.java:2994)
	at java.lang.StringBuilder.append(StringBuilder.java:131)
	at model.entity.Car.toString(Car.java:16)
	at java.lang.String.valueOf(String.java:2994)
	at java.lang.StringBuilder.append(StringBuilder.java:131)
	at java.util.AbstractCollection.toString(AbstractCollection.java:462)
	at java.lang.String.valueOf(String.java:2994)
	at java.lang.StringBuilder.append(StringBuilder.java:131)
	at model.entity.ParkingLot.toString(ParkingLot.java:16)
	at java.lang.String.valueOf(String.java:2994)
	at java.lang.StringBuilder.append(StringBuilder.java:131)
	at model.entity.Car.toString(Car.java:16)
	at java.lang.String.valueOf(String.java:2994)
	at java.lang.StringBuilder.append(StringBuilder.java:131)
	at java.util.AbstractCollection.toString(AbstractCollection.java:462)
	at java.lang.String.valueOf(String.java:2994)
	at java.lang.StringBuilder.append(StringBuilder.java:131)
	at model.entity.ParkingLot.toString(ParkingLot.java:16)
	at java.lang.String.valueOf(String.java:2994)
	at java.lang.StringBuilder.append(StringBuilder.java:131)
	at model.entity.Car.toString(Car.java:16)
	at java.lang.String.valueOf(String.java:2994)
	at java.lang.StringBuilder.append(StringBuilder.java:131)
	at java.util.AbstractCollection.toString(AbstractCollection.java:462)
	at java.lang.String.valueOf(String.java:2994)
	at java.lang.StringBuilder.append(StringBuilder.java:131)
	at model.entity.ParkingLot.toString(ParkingLot.java:16)
	at java.lang.String.valueOf(String.java:2994)
	at java.lang.StringBuilder.append(StringBuilder.java:131)
	at model.entity.Car.toString(Car.java:16)
	at java.lang.String.valueOf(String.java:2994)
	at java.lang.StringBuilder.append(StringBuilder.java:131)
	at java.util.AbstractCollection.toString(AbstractCollection.java:462)
	at java.lang.String.valueOf(String.java:2994)
	at java.lang.StringBuilder.append(StringBuilder.java:131)
	at model.entity.ParkingLot.toString(ParkingLot.java:16)
	at java.lang.String.valueOf(String.java:2994)
	at java.lang.StringBuilder.append(StringBuilder.java:131)
	at model.entity.Car.toString(Car.java:16)
	at java.lang.String.valueOf(String.java:2994)
	at java.lang.StringBuilder.append(StringBuilder.java:131)
	at java.util.AbstractCollection.toString(AbstractCollection.java:462)
	at java.lang.String.valueOf(String.java:2994)
	at java.lang.StringBuilder.append(StringBuilder.java:131)
	at model.entity.ParkingLot.toString(ParkingLot.java:16)
	at java.lang.String.valueOf(String.java:2994)
	at java.lang.StringBuilder.append(StringBuilder.java:131)
	at model.entity.Car.toString(Car.java:16)
	at java.lang.String.valueOf(String.java:2994)
	at java.lang.StringBuilder.append(StringBuilder.java:131)
	at java.util.AbstractCollection.toString(AbstractCollection.java:462)
	at java.lang.String.valueOf(String.java:2994)
	at java.lang.StringBuilder.append(StringBuilder.java:131)
	at model.entity.ParkingLot.toString(ParkingLot.java:16)
	at java.lang.String.valueOf(String.java:2994)
	at java.lang.StringBuilder.append(StringBuilder.java:131)
	at model.entity.Car.toString(Car.java:16)
	at java.lang.String.valueOf(String.java:2994)
	at java.lang.StringBuilder.append(StringBuilder.java:131)
	at java.util.AbstractCollection.toString(AbstractCollection.java:462)
	at java.lang.String.valueOf(String.java:2994)
	at java.lang.StringBuilder.append(StringBuilder.java:131)
	at model.entity.ParkingLot.toString(ParkingLot.java:16)
	at java.lang.String.valueOf(String.java:2994)
	at java.lang.StringBuilder.append(StringBuilder.java:131)
	at model.entity.Car.toString(Car.java:16)
	at java.lang.String.valueOf(String.java:2994)
	at java.lang.StringBuilder.append(StringBuilder.java:131)
	at java.util.AbstractCollection.toString(AbstractCollection.java:462)
	at java.lang.String.valueOf(String.java:2994)
	at java.lang.StringBuilder.append(StringBuilder.java:131)
	at model.entity.ParkingLot.toString(ParkingLot.java:16)
	at java.lang.String.valueOf(String.java:2994)
	at java.lang.StringBuilder.append(StringBuilder.java:131)
	at model.entity.Car.toString(Car.java:16)
	at java.lang.String.valueOf(String.java:2994)
	at java.lang.StringBuilder.append(StringBuilder.java:131)
	at java.util.AbstractCollection.toString(AbstractCollection.java:462)
	at java.lang.String.valueOf(String.java:2994)
	at java.lang.StringBuilder.append(StringBuilder.java:131)
	at model.entity.ParkingLot.toString(ParkingLot.java:16)
	at java.lang.String.valueOf(String.java:2994)
	at java.lang.StringBuilder.append(StringBuilder.java:131)
	at model.entity.Car.toString(Car.java:16)
	at java.lang.String.valueOf(String.java:2994)
	at java.lang.StringBuilder.append(StringBuilder.java:131)
	at java.util.AbstractCollection.toString(AbstractCollection.java:462)
	at java.lang.String.valueOf(String.java:2994)
	at java.lang.StringBuilder.append(StringBuilder.java:131)
	at model.entity.ParkingLot.toString(ParkingLot.java:16)
	at java.lang.String.valueOf(String.java:2994)
	at java.lang.StringBuilder.append(StringBuilder.java:131)
	at model.entity.Car.toString(Car.java:16)
	at java.lang.String.valueOf(String.java:2994)
	at java.lang.StringBuilder.append(StringBuilder.java:131)
	at java.util.AbstractCollection.toString(AbstractCollection.java:462)
	at java.lang.String.valueOf(String.java:2994)
	at java.lang.StringBuilder.append(StringBuilder.java:131)
	at model.entity.ParkingLot.toString(ParkingLot.java:16)
	at java.lang.String.valueOf(String.java:2994)
	at java.lang.StringBuilder.append(StringBuilder.java:131)
	at model.entity.Car.toString(Car.java:16)
	at java.lang.String.valueOf(String.java:2994)
	at java.lang.StringBuilder.append(StringBuilder.java:131)
	at java.util.AbstractCollection.toString(AbstractCollection.java:462)
	at java.lang.String.valueOf(String.java:2994)
	at java.lang.StringBuilder.append(StringBuilder.java:131)
	at model.entity.ParkingLot.toString(ParkingLot.java:16)
	at java.lang.String.valueOf(String.java:2994)
	at java.lang.StringBuilder.append(StringBuilder.java:131)
	at model.entity.Car.toString(Car.java:16)
	at java.lang.String.valueOf(String.java:2994)
	at java.lang.StringBuilder.append(StringBuilder.java:131)
	at java.util.AbstractCollection.toString(AbstractCollection.java:462)
	at java.lang.String.valueOf(String.java:2994)
	at java.lang.StringBuilder.append(StringBuilder.java:131)
	at model.entity.ParkingLot.toString(ParkingLot.java:16)
	at java.lang.String.valueOf(String.java:2994)
	at java.lang.StringBuilder.append(StringBuilder.java:131)
	at model.entity.Car.toString(Car.java:16)
	at java.lang.String.valueOf(String.java:2994)
	at java.lang.StringBuilder.append(StringBuilder.java:131)
	at java.util.AbstractCollection.toString(AbstractCollection.java:462)
	at java.lang.String.valueOf(String.java:2994)
	at java.lang.StringBuilder.append(StringBuilder.java:131)
	at model.entity.ParkingLot.toString(ParkingLot.java:16)
	at java.lang.String.valueOf(String.java:2994)
	at java.lang.StringBuilder.append(StringBuilder.java:131)
	at model.entity.Car.toString(Car.java:16)
	at java.lang.String.valueOf(String.java:2994)
	at java.lang.StringBuilder.append(StringBuilder.java:131)
	at java.util.AbstractCollection.toString(AbstractCollection.java:462)
	at java.lang.String.valueOf(String.java:2994)
	at java.lang.StringBuilder.append(StringBuilder.java:131)
	at model.entity.ParkingLot.toString(ParkingLot.java:16)
	at java.lang.String.valueOf(String.java:2994)
	at java.lang.StringBuilder.append(StringBuilder.java:131)
	at model.entity.Car.toString(Car.java:16)
	at java.lang.String.valueOf(String.java:2994)
	at java.lang.StringBuilder.append(StringBuilder.java:131)
	at java.util.AbstractCollection.toString(AbstractCollection.java:462)
	at java.lang.String.valueOf(String.java:2994)
	at java.lang.StringBuilder.append(StringBuilder.java:131)
	at model.entity.ParkingLot.toString(ParkingLot.java:16)
	at java.lang.String.valueOf(String.java:2994)
	at java.lang.StringBuilder.append(StringBuilder.java:131)
	at model.entity.Car.toString(Car.java:16)
	at java.lang.String.valueOf(String.java:2994)
	at java.lang.StringBuilder.append(StringBuilder.java:131)
	at java.util.AbstractCollection.toString(AbstractCollection.java:462)
	at java.lang.String.valueOf(String.java:2994)
	at java.lang.StringBuilder.append(StringBuilder.java:131)
	at model.entity.ParkingLot.toString(ParkingLot.java:16)
	at java.lang.String.valueOf(String.java:2994)
	at java.lang.StringBuilder.append(StringBuilder.java:131)
	at model.entity.Car.toString(Car.java:16)
	at java.lang.String.valueOf(String.java:2994)
	at java.lang.StringBuilder.append(StringBuilder.java:131)
	at java.util.AbstractCollection.toString(AbstractCollection.java:462)
	at java.lang.String.valueOf(String.java:2994)
	at java.lang.StringBuilder.append(StringBuilder.java:131)
	at model.entity.ParkingLot.toString(ParkingLot.java:16)
	at java.lang.String.valueOf(String.java:2994)
	at java.lang.StringBuilder.append(StringBuilder.java:131)
	at model.entity.Car.toString(Car.java:16)
	at java.lang.String.valueOf(String.java:2994)
	at java.lang.StringBuilder.append(StringBuilder.java:131)
	at java.util.AbstractCollection.toString(AbstractCollection.java:462)
	at java.lang.String.valueOf(String.java:2994)
	at java.lang.StringBuilder.append(StringBuilder.java:131)
	at model.entity.ParkingLot.toString(ParkingLot.java:16)
	at java.lang.String.valueOf(String.java:2994)
	at java.lang.StringBuilder.append(StringBuilder.java:131)
	at model.entity.Car.toString(Car.java:16)
	at java.lang.String.valueOf(String.java:2994)
	at java.lang.StringBuilder.append(StringBuilder.java:131)
	at java.util.AbstractCollection.toString(AbstractCollection.java:462)
	at java.lang.String.valueOf(String.java:2994)
	at java.lang.StringBuilder.append(StringBuilder.java:131)
	at model.entity.ParkingLot.toString(ParkingLot.java:16)
	at java.lang.String.valueOf(String.java:2994)
	at java.lang.StringBuilder.append(StringBuilder.java:131)
	at model.entity.Car.toString(Car.java:16)
	at java.lang.String.valueOf(String.java:2994)
	at java.lang.StringBuilder.append(StringBuilder.java:131)
	at java.util.AbstractCollection.toString(AbstractCollection.java:462)
	at java.lang.String.valueOf(String.java:2994)
	at java.lang.StringBuilder.append(StringBuilder.java:131)
	at model.entity.ParkingLot.toString(ParkingLot.java:16)
	at java.lang.String.valueOf(String.java:2994)
	at java.lang.StringBuilder.append(StringBuilder.java:131)
	at model.entity.Car.toString(Car.java:16)
	at java.lang.String.valueOf(String.java:2994)
	at java.lang.StringBuilder.append(StringBuilder.java:131)
	at java.util.AbstractCollection.toString(AbstractCollection.java:462)
	at java.lang.String.valueOf(String.java:2994)
	at java.lang.StringBuilder.append(StringBuilder.java:131)
	at model.entity.ParkingLot.toString(ParkingLot.java:16)
	at java.lang.String.valueOf(String.java:2994)
	at java.lang.StringBuilder.append(StringBuilder.java:131)
	at model.entity.Car.toString(Car.java:16)
	at java.lang.String.valueOf(String.java:2994)
	at java.lang.StringBuilder.append(StringBuilder.java:131)
	at java.util.AbstractCollection.toString(AbstractCollection.java:462)
	at java.lang.String.valueOf(String.java:2994)
	at java.lang.StringBuilder.append(StringBuilder.java:131)
	at model.entity.ParkingLot.toString(ParkingLot.java:16)
	at java.lang.String.valueOf(String.java:2994)
	at java.lang.StringBuilder.append(StringBuilder.java:131)
	at model.entity.Car.toString(Car.java:16)
	at java.lang.String.valueOf(String.java:2994)
	at java.lang.StringBuilder.append(StringBuilder.java:131)
	at java.util.AbstractCollection.toString(AbstractCollection.java:462)
	at java.lang.String.valueOf(String.java:2994)
	at java.lang.StringBuilder.append(StringBuilder.java:131)
	at model.entity.ParkingLot.toString(ParkingLot.java:16)
	at java.lang.String.valueOf(String.java:2994)
	at java.lang.StringBuilder.append(StringBuilder.java:131)
	at model.entity.Car.toString(Car.java:16)
	at java.lang.String.valueOf(String.java:2994)
	at java.lang.StringBuilder.append(StringBuilder.java:131)
	at java.util.AbstractCollection.toString(AbstractCollection.java:462)
	at java.lang.String.valueOf(String.java:2994)
	at java.lang.StringBuilder.append(StringBuilder.java:131)
	at model.entity.ParkingLot.toString(ParkingLot.java:16)
	at java.lang.String.valueOf(String.java:2994)
	at java.lang.StringBuilder.append(StringBuilder.java:131)
	at model.entity.Car.toString(Car.java:16)
	at java.lang.String.valueOf(String.java:2994)
	at java.lang.StringBuilder.append(StringBuilder.java:131)
	at java.util.AbstractCollection.toString(AbstractCollection.java:462)
	at java.lang.String.valueOf(String.java:2994)
	at java.lang.StringBuilder.append(StringBuilder.java:131)
	at model.entity.ParkingLot.toString(ParkingLot.java:16)
	at java.lang.String.valueOf(String.java:2994)
	at java.lang.StringBuilder.append(StringBuilder.java:131)
	at model.entity.Car.toString(Car.java:16)
	at java.lang.String.valueOf(String.java:2994)
	at java.lang.StringBuilder.append(StringBuilder.java:131)
	at java.util.AbstractCollection.toString(AbstractCollection.java:462)
	at java.lang.String.valueOf(String.java:2994)
	at java.lang.StringBuilder.append(StringBuilder.java:131)
	at model.entity.ParkingLot.toString(ParkingLot.java:16)
	at java.lang.String.valueOf(String.java:2994)
	at java.lang.StringBuilder.append(StringBuilder.java:131)
	at model.entity.Car.toString(Car.java:16)
	at java.lang.String.valueOf(String.java:2994)
	at java.lang.StringBuilder.append(StringBuilder.java:131)
	at java.util.AbstractCollection.toString(AbstractCollection.java:462)
	at java.lang.String.valueOf(String.java:2994)
	at java.lang.StringBuilder.append(StringBuilder.java:131)
	at model.entity.ParkingLot.toString(ParkingLot.java:16)
	at java.lang.String.valueOf(String.java:2994)
	at java.lang.StringBuilder.append(StringBuilder.java:131)
	at model.entity.Car.toString(Car.java:16)
	at java.lang.String.valueOf(String.java:2994)
	at java.lang.StringBuilder.append(StringBuilder.java:131)
	at java.util.AbstractCollection.toString(AbstractCollection.java:462)
	at java.lang.String.valueOf(String.java:2994)
	at java.lang.StringBuilder.append(StringBuilder.java:131)
	at model.entity.ParkingLot.toString(ParkingLot.java:16)
	at java.lang.String.valueOf(String.java:2994)
	at java.lang.StringBuilder.append(StringBuilder.java:131)
	at model.entity.Car.toString(Car.java:16)
	at java.lang.String.valueOf(String.java:2994)
	at java.lang.StringBuilder.append(StringBuilder.java:131)
	at java.util.AbstractCollection.toString(AbstractCollection.java:462)
	at java.lang.String.valueOf(String.java:2994)
	at java.lang.StringBuilder.append(StringBuilder.java:131)
	at model.entity.ParkingLot.toString(ParkingLot.java:16)
	at java.lang.String.valueOf(String.java:2994)
	at java.lang.StringBuilder.append(StringBuilder.java:131)
	at model.entity.Car.toString(Car.java:16)
	at java.lang.String.valueOf(String.java:2994)
	at java.lang.StringBuilder.append(StringBuilder.java:131)
	at java.util.AbstractCollection.toString(AbstractCollection.java:462)
	at java.lang.String.valueOf(String.java:2994)
	at java.lang.StringBuilder.append(StringBuilder.java:131)
	at model.entity.ParkingLot.toString(ParkingLot.java:16)
	at java.lang.String.valueOf(String.java:2994)
	at java.lang.StringBuilder.append(StringBuilder.java:131)
	at model.entity.Car.toString(Car.java:16)
	at java.lang.String.valueOf(String.java:2994)
	at java.lang.StringBuilder.append(StringBuilder.java:131)
	at java.util.AbstractCollection.toString(AbstractCollection.java:462)
	at java.lang.String.valueOf(String.java:2994)
	at java.lang.StringBuilder.append(StringBuilder.java:131)
	at model.entity.ParkingLot.toString(ParkingLot.java:16)
	at java.lang.String.valueOf(String.java:2994)
	at java.lang.StringBuilder.append(StringBuilder.java:131)
	at model.entity.Car.toString(Car.java:16)
	at java.lang.String.valueOf(String.java:2994)
	at java.lang.StringBuilder.append(StringBuilder.java:131)
	at java.util.AbstractCollection.toString(AbstractCollection.java:462)
	at java.lang.String.valueOf(String.java:2994)
	at java.lang.StringBuilder.append(StringBuilder.java:131)
	at model.entity.ParkingLot.toString(ParkingLot.java:16)
	at java.lang.String.valueOf(String.java:2994)
	at java.lang.StringBuilder.append(StringBuilder.java:131)
	at model.entity.Car.toString(Car.java:16)
	at java.lang.String.valueOf(String.java:2994)
	at java.lang.StringBuilder.append(StringBuilder.java:131)
	at java.util.AbstractCollection.toString(AbstractCollection.java:462)
	at java.lang.String.valueOf(String.java:2994)
	at java.lang.StringBuilder.append(StringBuilder.java:131)
	at model.entity.ParkingLot.toString(ParkingLot.java:16)
	at java.lang.String.valueOf(String.java:2994)
	at java.lang.StringBuilder.append(StringBuilder.java:131)
	at model.entity.Car.toString(Car.java:16)
	at java.lang.String.valueOf(String.java:2994)
	at java.lang.StringBuilder.append(StringBuilder.java:131)
	at java.util.AbstractCollection.toString(AbstractCollection.java:462)
	at java.lang.String.valueOf(String.java:2994)
	at java.lang.StringBuilder.append(StringBuilder.java:131)
	at model.entity.ParkingLot.toString(ParkingLot.java:16)
	at java.lang.String.valueOf(String.java:2994)
	at java.lang.StringBuilder.append(StringBuilder.java:131)
	at model.entity.Car.toString(Car.java:16)
	at java.lang.String.valueOf(String.java:2994)
	at java.lang.StringBuilder.append(StringBuilder.java:131)
	at java.util.AbstractCollection.toString(AbstractCollection.java:462)
	at java.lang.String.valueOf(String.java:2994)
	at java.lang.StringBuilder.append(StringBuilder.java:131)
	at model.entity.ParkingLot.toString(ParkingLot.java:16)
	at java.lang.String.valueOf(String.java:2994)
	at java.lang.StringBuilder.append(StringBuilder.java:131)
	at model.entity.Car.toString(Car.java:16)
	at java.lang.String.valueOf(String.java:2994)
	at java.lang.StringBuilder.append(StringBuilder.java:131)
	at java.util.AbstractCollection.toString(AbstractCollection.java:462)
	at java.lang.String.valueOf(String.java:2994)
	at java.lang.StringBuilder.append(StringBuilder.java:131)
	at model.entity.ParkingLot.toString(ParkingLot.java:16)
	at java.lang.String.valueOf(String.java:2994)
	at java.lang.StringBuilder.append(StringBuilder.java:131)
	at model.entity.Car.toString(Car.java:16)
	at java.lang.String.valueOf(String.java:2994)
	at java.lang.StringBuilder.append(StringBuilder.java:131)
	at java.util.AbstractCollection.toString(AbstractCollection.java:462)
	at java.lang.String.valueOf(String.java:2994)
	at java.lang.StringBuilder.append(StringBuilder.java:131)
	at model.entity.ParkingLot.toString(ParkingLot.java:16)
	at java.lang.String.valueOf(String.java:2994)
	at java.lang.StringBuilder.append(StringBuilder.java:131)
	at model.entity.Car.toString(Car.java:16)
	at java.lang.String.valueOf(String.java:2994)
	at java.lang.StringBuilder.append(StringBuilder.java:131)
	at java.util.AbstractCollection.toString(AbstractCollection.java:462)
	at java.lang.String.valueOf(String.java:2994)
	at java.lang.StringBuilder.append(StringBuilder.java:131)
	at model.entity.ParkingLot.toString(ParkingLot.java:16)
	at java.lang.String.valueOf(String.java:2994)
	at java.lang.StringBuilder.append(StringBuilder.java:131)
	at model.entity.Car.toString(Car.java:16)
	at java.lang.String.valueOf(String.java:2994)
	at java.lang.StringBuilder.append(StringBuilder.java:131)
	at java.util.AbstractCollection.toString(AbstractCollection.java:462)
	at java.lang.String.valueOf(String.java:2994)
	at java.lang.StringBuilder.append(StringBuilder.java:131)
	at model.entity.ParkingLot.toString(ParkingLot.java:16)
	at java.lang.String.valueOf(String.java:2994)
	at java.lang.StringBuilder.append(StringBuilder.java:131)
	at model.entity.Car.toString(Car.java:16)
	at java.lang.String.valueOf(String.java:2994)
	at java.lang.StringBuilder.append(StringBuilder.java:131)
	at java.util.AbstractCollection.toString(AbstractCollection.java:462)
	at java.lang.String.valueOf(String.java:2994)
	at java.lang.StringBuilder.append(StringBuilder.java:131)
	at model.entity.ParkingLot.toString(ParkingLot.java:16)
	at java.lang.String.valueOf(String.java:2994)
	at java.lang.StringBuilder.append(StringBuilder.java:131)
	at model.entity.Car.toString(Car.java:16)
	at java.lang.String.valueOf(String.java:2994)
	at java.lang.StringBuilder.append(StringBuilder.java:131)
	at java.util.AbstractCollection.toString(AbstractCollection.java:462)
	at java.lang.String.valueOf(String.java:2994)
	at java.lang.StringBuilder.append(StringBuilder.java:131)
	at model.entity.ParkingLot.toString(ParkingLot.java:16)
	at java.lang.String.valueOf(String.java:2994)
	at java.lang.StringBuilder.append(StringBuilder.java:131)
	at model.entity.Car.toString(Car.java:16)
	at java.lang.String.valueOf(String.java:2994)
	at java.lang.StringBuilder.append(StringBuilder.java:131)
	at java.util.AbstractCollection.toString(AbstractCollection.java:462)
	at java.lang.String.valueOf(String.java:2994)
	at java.lang.StringBuilder.append(StringBuilder.java:131)
	at model.entity.ParkingLot.toString(ParkingLot.java:16)
	at java.lang.String.valueOf(String.java:2994)
	at java.lang.StringBuilder.append(StringBuilder.java:131)
	at model.entity.Car.toString(Car.java:16)
	at java.lang.String.valueOf(String.java:2994)
	at java.lang.StringBuilder.append(StringBuilder.java:131)
	at java.util.AbstractCollection.toString(AbstractCollection.java:462)
	at java.lang.String.valueOf(String.java:2994)
	at java.lang.StringBuilder.append(StringBuilder.java:131)
	at model.entity.ParkingLot.toString(ParkingLot.java:16)
	at java.lang.String.valueOf(String.java:2994)
	at java.lang.StringBuilder.append(StringBuilder.java:131)
	at model.entity.Car.toString(Car.java:16)
	at java.lang.String.valueOf(String.java:2994)
	at java.lang.StringBuilder.append(StringBuilder.java:131)
	at java.util.AbstractCollection.toString(AbstractCollection.java:462)
	at java.lang.String.valueOf(String.java:2994)
	at java.lang.StringBuilder.append(StringBuilder.java:131)
	at model.entity.ParkingLot.toString(ParkingLot.java:16)
	at java.lang.String.valueOf(String.java:2994)
	at java.lang.StringBuilder.append(StringBuilder.java:131)
	at model.entity.Car.toString(Car.java:16)
	at java.lang.String.valueOf(String.java:2994)
	at java.lang.StringBuilder.append(StringBuilder.java:131)
	at java.util.AbstractCollection.toString(AbstractCollection.java:462)
	at java.lang.String.valueOf(String.java:2994)
	at java.lang.StringBuilder.append(StringBuilder.java:131)
	at model.entity.ParkingLot.toString(ParkingLot.java:16)
	at java.lang.String.valueOf(String.java:2994)
	at java.lang.StringBuilder.append(StringBuilder.java:131)
	at model.entity.Car.toString(Car.java:16)
	at java.lang.String.valueOf(String.java:2994)
	at java.lang.StringBuilder.append(StringBuilder.java:131)
	at java.util.AbstractCollection.toString(AbstractCollection.java:462)
	at java.lang.String.valueOf(String.java:2994)
	at java.lang.StringBuilder.append(StringBuilder.java:131)
	at model.entity.ParkingLot.toString(ParkingLot.java:16)
	at java.lang.String.valueOf(String.java:2994)
	at java.lang.StringBuilder.append(StringBuilder.java:131)
	at model.entity.Car.toString(Car.java:16)
	at java.lang.String.valueOf(String.java:2994)
	at java.lang.StringBuilder.append(StringBuilder.java:131)
	at java.util.AbstractCollection.toString(AbstractCollection.java:462)
	at java.lang.String.valueOf(String.java:2994)
	at java.lang.StringBuilder.append(StringBuilder.java:131)
	at model.entity.ParkingLot.toString(ParkingLot.java:16)
	at java.lang.String.valueOf(String.java:2994)
	at java.lang.StringBuilder.append(StringBuilder.java:131)
	at model.entity.Car.toString(Car.java:16)
	at java.lang.String.valueOf(String.java:2994)
	at java.lang.StringBuilder.append(StringBuilder.java:131)
	at java.util.AbstractCollection.toString(AbstractCollection.java:462)
	at java.lang.String.valueOf(String.java:2994)
	at java.lang.StringBuilder.append(StringBuilder.java:131)
	at model.entity.ParkingLot.toString(ParkingLot.java:16)
	at java.lang.String.valueOf(String.java:2994)
	at java.lang.StringBuilder.append(StringBuilder.java:131)
	at model.entity.Car.toString(Car.java:16)
	at java.lang.String.valueOf(String.java:2994)
	at java.lang.StringBuilder.append(StringBuilder.java:131)
	at java.util.AbstractCollection.toString(AbstractCollection.java:462)
	at java.lang.String.valueOf(String.java:2994)
	at java.lang.StringBuilder.append(StringBuilder.java:131)
	at model.entity.ParkingLot.toString(ParkingLot.java:16)
	at java.lang.String.valueOf(String.java:2994)
	at java.lang.StringBuilder.append(StringBuilder.java:131)
	at model.entity.Car.toString(Car.java:16)
	at java.lang.String.valueOf(String.java:2994)
	at java.lang.StringBuilder.append(StringBuilder.java:131)
	at java.util.AbstractCollection.toString(AbstractCollection.java:462)
	at java.lang.String.valueOf(String.java:2994)
	at java.lang.StringBuilder.append(StringBuilder.java:131)
	at model.entity.ParkingLot.toString(ParkingLot.java:16)
	at java.lang.String.valueOf(String.java:2994)
	at java.lang.StringBuilder.append(StringBuilder.java:131)
	at model.entity.Car.toString(Car.java:16)
	at java.lang.String.valueOf(String.java:2994)
	at java.lang.StringBuilder.append(StringBuilder.java:131)
	at java.util.AbstractCollection.toString(AbstractCollection.java:462)
	at java.lang.String.valueOf(String.java:2994)
	at java.lang.StringBuilder.append(StringBuilder.java:131)
	at model.entity.ParkingLot.toString(ParkingLot.java:16)
	at java.lang.String.valueOf(String.java:2994)
	at java.lang.StringBuilder.append(StringBuilder.java:131)
	at model.entity.Car.toString(Car.java:16)
	at java.lang.String.valueOf(String.java:2994)
	at java.lang.StringBuilder.append(StringBuilder.java:131)
	at java.util.AbstractCollection.toString(AbstractCollection.java:462)
	at java.lang.String.valueOf(String.java:2994)
	at java.lang.StringBuilder.append(StringBuilder.java:131)
	at model.entity.ParkingLot.toString(ParkingLot.java:16)
	at java.lang.String.valueOf(String.java:2994)
	at java.lang.StringBuilder.append(StringBuilder.java:131)
	at model.entity.Car.toString(Car.java:16)
	at java.lang.String.valueOf(String.java:2994)
	at java.lang.StringBuilder.append(StringBuilder.java:131)
	at java.util.AbstractCollection.toString(AbstractCollection.java:462)
	at java.lang.String.valueOf(String.java:2994)
	at java.lang.StringBuilder.append(StringBuilder.java:131)
	at model.entity.ParkingLot.toString(ParkingLot.java:16)
	at java.lang.String.valueOf(String.java:2994)
	at java.lang.StringBuilder.append(StringBuilder.java:131)
	at model.entity.Car.toString(Car.java:16)
	at java.lang.String.valueOf(String.java:2994)
	at java.lang.StringBuilder.append(StringBuilder.java:131)
	at java.util.AbstractCollection.toString(AbstractCollection.java:462)
	at java.lang.String.valueOf(String.java:2994)
	at java.lang.StringBuilder.append(StringBuilder.java:131)
	at model.entity.ParkingLot.toString(ParkingLot.java:16)
	at java.lang.String.valueOf(String.java:2994)
	at java.lang.StringBuilder.append(StringBuilder.java:131)
	at model.entity.Car.toString(Car.java:16)
	at java.lang.String.valueOf(String.java:2994)
	at java.lang.StringBuilder.append(StringBuilder.java:131)
	at java.util.AbstractCollection.toString(AbstractCollection.java:462)
	at java.lang.String.valueOf(String.java:2994)
	at java.lang.StringBuilder.append(StringBuilder.java:131)
	at model.entity.ParkingLot.toString(ParkingLot.java:16)
	at java.lang.String.valueOf(String.java:2994)
	at java.lang.StringBuilder.append(StringBuilder.java:131)
	at model.entity.Car.toString(Car.java:16)
	at java.lang.String.valueOf(String.java:2994)
	at java.lang.StringBuilder.append(StringBuilder.java:131)
	at java.util.AbstractCollection.toString(AbstractCollection.java:462)
	at java.lang.String.valueOf(String.java:2994)
	at java.lang.StringBuilder.append(StringBuilder.java:131)
	at model.entity.ParkingLot.toString(ParkingLot.java:16)
	at java.lang.String.valueOf(String.java:2994)
	at java.lang.StringBuilder.append(StringBuilder.java:131)
	at model.entity.Car.toString(Car.java:16)
	at java.lang.String.valueOf(String.java:2994)
	at java.lang.StringBuilder.append(StringBuilder.java:131)
	at java.util.AbstractCollection.toString(AbstractCollection.java:462)
	at java.lang.String.valueOf(String.java:2994)
	at java.lang.StringBuilder.append(StringBuilder.java:131)
	at model.entity.ParkingLot.toString(ParkingLot.java:16)
	at java.lang.String.valueOf(String.java:2994)
	at java.lang.StringBuilder.append(StringBuilder.java:131)
	at model.entity.Car.toString(Car.java:16)
	at java.lang.String.valueOf(String.java:2994)
	at java.lang.StringBuilder.append(StringBuilder.java:131)
	at java.util.AbstractCollection.toString(AbstractCollection.java:462)
	at java.lang.String.valueOf(String.java:2994)
	at java.lang.StringBuilder.append(StringBuilder.java:131)
	at model.entity.ParkingLot.toString(ParkingLot.java:16)
	at java.lang.String.valueOf(String.java:2994)
	at java.lang.StringBuilder.append(StringBuilder.java:131)
	at model.entity.Car.toString(Car.java:16)
	at java.lang.String.valueOf(String.java:2994)
	at java.lang.StringBuilder.append(StringBuilder.java:131)
	at java.util.AbstractCollection.toString(AbstractCollection.java:462)
	at java.lang.String.valueOf(String.java:2994)
	at java.lang.StringBuilder.append(StringBuilder.java:131)
	at model.entity.ParkingLot.toString(ParkingLot.java:16)
	at java.lang.String.valueOf(String.java:2994)
	at java.lang.StringBuilder.append(StringBuilder.java:131)
	at model.entity.Car.toString(Car.java:16)
	at java.lang.String.valueOf(String.java:2994)
	at java.lang.StringBuilder.append(StringBuilder.java:131)
	at java.util.AbstractCollection.toString(AbstractCollection.java:462)
	at java.lang.String.valueOf(String.java:2994)
	at java.lang.StringBuilder.append(StringBuilder.java:131)
	at model.entity.ParkingLot.toString(ParkingLot.java:16)
	at java.lang.String.valueOf(String.java:2994)
	at java.lang.StringBuilder.append(StringBuilder.java:131)
	at model.entity.Car.toString(Car.java:16)
	at java.lang.String.valueOf(String.java:2994)
	at java.lang.StringBuilder.append(StringBuilder.java:131)
	at java.util.AbstractCollection.toString(AbstractCollection.java:462)
	at java.lang.String.valueOf(String.java:2994)
	at java.lang.StringBuilder.append(StringBuilder.java:131)
	at model.entity.ParkingLot.toString(ParkingLot.java:16)
	at java.lang.String.valueOf(String.java:2994)
	at java.lang.StringBuilder.append(StringBuilder.java:131)
	at model.entity.Car.toString(Car.java:16)
	at java.lang.String.valueOf(String.java:2994)
	at java.lang.StringBuilder.append(StringBuilder.java:131)
	at java.util.AbstractCollection.toString(AbstractCollection.java:462)
	at java.lang.String.valueOf(String.java:2994)
	at java.lang.StringBuilder.append(StringBuilder.java:131)
	at model.entity.ParkingLot.toString(ParkingLot.java:16)
	at java.lang.String.valueOf(String.java:2994)
	at java.lang.StringBuilder.append(StringBuilder.java:131)
	at model.entity.Car.toString(Car.java:16)
	at java.lang.String.valueOf(String.java:2994)
	at java.lang.StringBuilder.append(StringBuilder.java:131)
	at java.util.AbstractCollection.toString(AbstractCollection.java:462)
	at java.lang.String.valueOf(String.java:2994)
	at java.lang.StringBuilder.append(StringBuilder.java:131)
	at model.entity.ParkingLot.toString(ParkingLot.java:16)
	at java.lang.String.valueOf(String.java:2994)
	at java.lang.StringBuilder.append(StringBuilder.java:131)
	at model.entity.Car.toString(Car.java:16)
	at java.lang.String.valueOf(String.java:2994)
	at java.lang.StringBuilder.append(StringBuilder.java:131)
	at java.util.AbstractCollection.toString(AbstractCollection.java:462)
	at java.lang.String.valueOf(String.java:2994)
	at java.lang.StringBuilder.append(StringBuilder.java:131)
	at model.entity.ParkingLot.toString(ParkingLot.java:16)
	at java.lang.String.valueOf(String.java:2994)
	at java.lang.StringBuilder.append(StringBuilder.java:131)
	at model.entity.Car.toString(Car.java:16)
	at java.lang.String.valueOf(String.java:2994)
	at java.lang.StringBuilder.append(StringBuilder.java:131)
	at java.util.AbstractCollection.toString(AbstractCollection.java:462)
	at java.lang.String.valueOf(String.java:2994)
	at java.lang.StringBuilder.append(StringBuilder.java:131)
	at model.entity.ParkingLot.toString(ParkingLot.java:16)
	at java.lang.String.valueOf(String.java:2994)
	at java.lang.StringBuilder.append(StringBuilder.java:131)
	at model.entity.Car.toString(Car.java:16)
	at java.lang.String.valueOf(String.java:2994)
	at java.lang.StringBuilder.append(StringBuilder.java:131)
	at java.util.AbstractCollection.toString(AbstractCollection.java:462)
	at java.lang.String.valueOf(String.java:2994)
	at java.lang.StringBuilder.append(StringBuilder.java:131)
	at model.entity.ParkingLot.toString(ParkingLot.java:16)
	at java.lang.String.valueOf(String.java:2994)
	at java.lang.StringBuilder.append(StringBuilder.java:131)
	at model.entity.Car.toString(Car.java:16)
	at java.lang.String.valueOf(String.java:2994)
	at java.lang.StringBuilder.append(StringBuilder.java:131)
	at java.util.AbstractCollection.toString(AbstractCollection.java:462)
	at java.lang.String.valueOf(String.java:2994)
	at java.lang.StringBuilder.append(StringBuilder.java:131)
	at model.entity.ParkingLot.toString(ParkingLot.java:16)
	at java.lang.String.valueOf(String.java:2994)
	at java.lang.StringBuilder.append(StringBuilder.java:131)
	at model.entity.Car.toString(Car.java:16)
	at java.lang.String.valueOf(String.java:2994)
	at java.lang.StringBuilder.append(StringBuilder.java:131)
	at java.util.AbstractCollection.toString(AbstractCollection.java:462)
	at java.lang.String.valueOf(String.java:2994)
	at java.lang.StringBuilder.append(StringBuilder.java:131)
	at model.entity.ParkingLot.toString(ParkingLot.java:16)
	at java.lang.String.valueOf(String.java:2994)
	at java.lang.StringBuilder.append(StringBuilder.java:131)
	at model.entity.Car.toString(Car.java:16)
	at java.lang.String.valueOf(String.java:2994)
	at java.lang.StringBuilder.append(StringBuilder.java:131)
	at java.util.AbstractCollection.toString(AbstractCollection.java:462)
	at java.lang.String.valueOf(String.java:2994)
	at java.lang.StringBuilder.append(StringBuilder.java:131)
	at model.entity.ParkingLot.toString(ParkingLot.java:16)
	at java.lang.String.valueOf(String.java:2994)
	at java.lang.StringBuilder.append(StringBuilder.java:131)
	at model.entity.Car.toString(Car.java:16)
	at java.lang.String.valueOf(String.java:2994)
	at java.lang.StringBuilder.append(StringBuilder.java:131)
	at java.util.AbstractCollection.toString(AbstractCollection.java:462)
	at java.lang.String.valueOf(String.java:2994)
	at java.lang.StringBuilder.append(StringBuilder.java:131)
	at model.entity.ParkingLot.toString(ParkingLot.java:16)
	at java.lang.String.valueOf(String.java:2994)
	at java.lang.StringBuilder.append(StringBuilder.java:131)
	at model.entity.Car.toString(Car.java:16)
	at java.lang.String.valueOf(String.java:2994)
	at java.lang.StringBuilder.append(StringBuilder.java:131)
	at java.util.AbstractCollection.toString(AbstractCollection.java:462)
	at java.lang.String.valueOf(String.java:2994)
	at java.lang.StringBuilder.append(StringBuilder.java:131)
	at model.entity.ParkingLot.toString(ParkingLot.java:16)
	at java.lang.String.valueOf(String.java:2994)
	at java.lang.StringBuilder.append(StringBuilder.java:131)
	at model.entity.Car.toString(Car.java:16)
	at java.lang.String.valueOf(String.java:2994)
	at java.lang.StringBuilder.append(StringBuilder.java:131)
	at java.util.AbstractCollection.toString(AbstractCollection.java:462)
	at java.lang.String.valueOf(String.java:2994)
	at java.lang.StringBuilder.append(StringBuilder.java:131)
	at model.entity.ParkingLot.toString(ParkingLot.java:16)
	at java.lang.String.valueOf(String.java:2994)
	at java.lang.StringBuilder.append(StringBuilder.java:131)
	at model.entity.Car.toString(Car.java:16)
	at java.lang.String.valueOf(String.java:2994)
	at java.lang.StringBuilder.append(StringBuilder.java:131)
	at java.util.AbstractCollection.toString(AbstractCollection.java:462)
	at java.lang.String.valueOf(String.java:2994)
	at java.lang.StringBuilder.append(StringBuilder.java:131)
	at model.entity.ParkingLot.toString(ParkingLot.java:16)
	at java.lang.String.valueOf(String.java:2994)
	at java.lang.StringBuilder.append(StringBuilder.java:131)
	at model.entity.Car.toString(Car.java:16)
	at java.lang.String.valueOf(String.java:2994)
	at java.lang.StringBuilder.append(StringBuilder.java:131)
	at java.util.AbstractCollection.toString(AbstractCollection.java:462)
	at java.lang.String.valueOf(String.java:2994)
	at java.lang.StringBuilder.append(StringBuilder.java:131)
	at model.entity.ParkingLot.toString(ParkingLot.java:16)
	at java.lang.String.valueOf(String.java:2994)
	at java.lang.StringBuilder.append(StringBuilder.java:131)
	at model.entity.Car.toString(Car.java:16)
	at java.lang.String.valueOf(String.java:2994)
	at java.lang.StringBuilder.append(StringBuilder.java:131)
	at java.util.AbstractCollection.toString(AbstractCollection.java:462)
	at java.lang.String.valueOf(String.java:2994)
	at java.lang.StringBuilder.append(StringBuilder.java:131)
	at model.entity.ParkingLot.toString(ParkingLot.java:16)
	at java.lang.String.valueOf(String.java:2994)
	at java.lang.StringBuilder.append(StringBuilder.java:131)
	at model.entity.Car.toString(Car.java:16)
	at java.lang.String.valueOf(String.java:2994)
	at java.lang.StringBuilder.append(StringBuilder.java:131)
	at java.util.AbstractCollection.toString(AbstractCollection.java:462)
	at java.lang.String.valueOf(String.java:2994)
	at java.lang.StringBuilder.append(StringBuilder.java:131)
	at model.entity.ParkingLot.toString(ParkingLot.java:16)
	at java.lang.String.valueOf(String.java:2994)
	at java.lang.StringBuilder.append(StringBuilder.java:131)
	at model.entity.Car.toString(Car.java:16)
	at java.lang.String.valueOf(String.java:2994)
	at java.lang.StringBuilder.append(StringBuilder.java:131)
	at java.util.AbstractCollection.toString(AbstractCollection.java:462)
	at java.lang.String.valueOf(String.java:2994)
	at java.lang.StringBuilder.append(StringBuilder.java:131)
	at model.entity.ParkingLot.toString(ParkingLot.java:16)
	at java.lang.String.valueOf(String.java:2994)
	at java.lang.StringBuilder.append(StringBuilder.java:131)
	at model.entity.Car.toString(Car.java:16)
	at java.lang.String.valueOf(String.java:2994)
	at java.lang.StringBuilder.append(StringBuilder.java:131)
	at java.util.AbstractCollection.toString(AbstractCollection.java:462)
	at java.lang.String.valueOf(String.java:2994)
	at java.lang.StringBuilder.append(StringBuilder.java:131)
	at model.entity.ParkingLot.toString(ParkingLot.java:16)
	at java.lang.String.valueOf(String.java:2994)
	at java.lang.StringBuilder.append(StringBuilder.java:131)
	at model.entity.Car.toString(Car.java:16)
	at java.lang.String.valueOf(String.java:2994)
	at java.lang.StringBuilder.append(StringBuilder.java:131)
	at java.util.AbstractCollection.toString(AbstractCollection.java:462)
	at java.lang.String.valueOf(String.java:2994)
	at java.lang.StringBuilder.append(StringBuilder.java:131)
	at model.entity.ParkingLot.toString(ParkingLot.java:16)
	at java.lang.String.valueOf(String.java:2994)
	at java.lang.StringBuilder.append(StringBuilder.java:131)
	at model.entity.Car.toString(Car.java:16)
	at java.lang.String.valueOf(String.java:2994)
	at java.lang.StringBuilder.append(StringBuilder.java:131)
	at java.util.AbstractCollection.toString(AbstractCollection.java:462)
	at java.lang.String.valueOf(String.java:2994)
	at java.lang.StringBuilder.append(StringBuilder.java:131)
	at model.entity.ParkingLot.toString(ParkingLot.java:16)
	at java.lang.String.valueOf(String.java:2994)
	at java.lang.StringBuilder.append(StringBuilder.java:131)
	at model.entity.Car.toString(Car.java:16)
</error>
    <system-err>feb 13, 2020 11:10:30 FM org.eclipse.persistence.session./file:/C:/Users/makka/AppData/Local/Temp/gfembed1737529645972115606tmp/applications/d7ae267e-c89e-4ed2-9a86-b653e2a57302/WEB-INF/classes/_webweebs.connection
INFO: /file:/C:/Users/makka/AppData/Local/Temp/gfembed1737529645972115606tmp/applications/d7ae267e-c89e-4ed2-9a86-b653e2a57302/WEB-INF/classes/_webweebs logout successful
feb 13, 2020 11:10:30 FM com.sun.enterprise.admin.cli.embeddable.DeployerImpl undeploy
INFO: d7ae267e-c89e-4ed2-9a86-b653e2a57302 was successfully undeployed
feb 13, 2020 11:10:32 FM org.glassfish.hk2.classmodel.reflect.Parser awaitTermination
INFO: visiting unvisited references
feb 13, 2020 11:10:32 FM org.glassfish.hk2.classmodel.reflect.Parser awaitTermination
INFO: visiting unvisited references
feb 13, 2020 11:10:32 FM org.glassfish.hk2.classmodel.reflect.Parser awaitTermination
INFO: visiting unvisited references
feb 13, 2020 11:10:32 FM org.glassfish.hk2.classmodel.reflect.Parser awaitTermination
INFO: visiting unvisited references
feb 13, 2020 11:10:32 FM org.glassfish.hk2.classmodel.reflect.Parser awaitTermination
INFO: visiting unvisited references
feb 13, 2020 11:10:32 FM org.glassfish.hk2.classmodel.reflect.Parser awaitTermination
INFO: visiting unvisited references
feb 13, 2020 11:10:32 FM org.glassfish.hk2.classmodel.reflect.Parser awaitTermination
INFO: visiting unvisited references
feb 13, 2020 11:10:32 FM org.glassfish.hk2.classmodel.reflect.Parser awaitTermination
INFO: visiting unvisited references
feb 13, 2020 11:10:32 FM org.glassfish.hk2.classmodel.reflect.Parser awaitTermination
INFO: visiting unvisited references
feb 13, 2020 11:10:32 FM org.glassfish.hk2.classmodel.reflect.Parser awaitTermination
INFO: visiting unvisited references
feb 13, 2020 11:10:32 FM org.glassfish.hk2.classmodel.reflect.Parser awaitTermination
INFO: visiting unvisited references
feb 13, 2020 11:10:32 FM org.eclipse.persistence.session./file:/C:/Users/makka/AppData/Local/Temp/gfembed1737529645972115606tmp/applications/6376c3fa-93c5-49bd-8b77-c7ab893f7204/WEB-INF/classes/_webweebs
INFO: EclipseLink, version: Eclipse Persistence Services - 2.7.4.payara-p2
feb 13, 2020 11:10:32 FM org.eclipse.persistence.session./file:/C:/Users/makka/AppData/Local/Temp/gfembed1737529645972115606tmp/applications/6376c3fa-93c5-49bd-8b77-c7ab893f7204/WEB-INF/classes/_webweebs.connection
INFO: /file:/C:/Users/makka/AppData/Local/Temp/gfembed1737529645972115606tmp/applications/6376c3fa-93c5-49bd-8b77-c7ab893f7204/WEB-INF/classes/_webweebs login successful
feb 13, 2020 11:10:32 FM org.glassfish.persistence.common.Java2DBProcessorHelper executeDDLs
VARNING: PER01000: Got SQLException executing statement &quot;CREATE TABLE PARKINGLOT (PARKINGLOT_ID INTEGER NOT NULL, CAPACITY INTEGER, PRIMARY KEY (PARKINGLOT_ID))&quot;: java.sql.SQLTransactionRollbackException: Table/View &apos;PARKINGLOT&apos; already exists in Schema &apos;APP&apos;.
feb 13, 2020 11:10:32 FM org.glassfish.persistence.common.Java2DBProcessorHelper executeDDLs
VARNING: PER01000: Got SQLException executing statement &quot;CREATE TABLE CAR (LICENSE VARCHAR(255) NOT NULL, NAME VARCHAR(255), PARKINGLOT_PARKINGLOT_ID INTEGER, PRIMARY KEY (LICENSE))&quot;: java.sql.SQLTransactionRollbackException: Table/View &apos;CAR&apos; already exists in Schema &apos;APP&apos;.
feb 13, 2020 11:10:32 FM org.glassfish.persistence.common.Java2DBProcessorHelper executeDDLs
VARNING: PER01000: Got SQLException executing statement &quot;ALTER TABLE CAR ADD CONSTRAINT CRPRKNGLTPRKNGLTID FOREIGN KEY (PARKINGLOT_PARKINGLOT_ID) REFERENCES PARKINGLOT (PARKINGLOT_ID)&quot;: java.sql.SQLTransactionRollbackException: Constraint &apos;CRPRKNGLTPRKNGLTID&apos; already exists in Schema &apos;APP&apos;.
feb 13, 2020 11:10:32 FM com.sun.ejb.containers.BaseContainer initializeHome
INFO: Portable JNDI names for EJB ParkingLotDAO: [java:global/6376c3fa-93c5-49bd-8b77-c7ab893f7204/ParkingLotDAO, java:global/6376c3fa-93c5-49bd-8b77-c7ab893f7204/ParkingLotDAO!model.dao.ParkingLotDAO]
feb 13, 2020 11:10:32 FM com.sun.ejb.containers.BaseContainer initializeHome
INFO: Portable JNDI names for EJB CarDAO: [java:global/6376c3fa-93c5-49bd-8b77-c7ab893f7204/CarDAO!model.dao.CarDAO, java:global/6376c3fa-93c5-49bd-8b77-c7ab893f7204/CarDAO]
feb 13, 2020 11:10:33 FM fish.payara.micro.cdi.extension.ClusteredCDIEventBusImpl postConstruct
INFO: Clustered CDI Event bus initialized
feb 13, 2020 11:10:33 FM org.glassfish.soteria.servlet.SamRegistrationInstaller onStartup
INFO: Initializing Soteria null for context &apos;/6376c3fa-93c5-49bd-8b77-c7ab893f7204&apos;
feb 13, 2020 11:10:33 FM com.sun.enterprise.web.WebApplication start
INFO: Loading application [6376c3fa-93c5-49bd-8b77-c7ab893f7204] at [/6376c3fa-93c5-49bd-8b77-c7ab893f7204]
</system-err>
  </testcase>
</testsuite>